2022-06-12 20:17:27 | [1;31mERROR[0;39m | [1;33mmain[0;39m | [1;32morg.springframework.boot.SpringApplication[0;39m | Application run failed
org.springframework.context.ApplicationContextException: Unable to start web server; nested exception is org.springframework.context.ApplicationContextException: Unable to start ServletWebServerApplicationContext due to missing ServletWebServerFactory bean.
	at org.springframework.boot.web.servlet.context.ServletWebServerApplicationContext.onRefresh(ServletWebServerApplicationContext.java:156)
	at org.springframework.context.support.AbstractApplicationContext.refresh(AbstractApplicationContext.java:544)
	at org.springframework.boot.web.servlet.context.ServletWebServerApplicationContext.refresh(ServletWebServerApplicationContext.java:141)
	at org.springframework.boot.SpringApplication.refresh(SpringApplication.java:747)
	at org.springframework.boot.SpringApplication.refreshContext(SpringApplication.java:397)
	at org.springframework.boot.SpringApplication.run(SpringApplication.java:315)
	at org.springframework.boot.SpringApplication.run(SpringApplication.java:1226)
	at org.springframework.boot.SpringApplication.run(SpringApplication.java:1215)
	at com.cashbookcloud.alipay.Alipay.main(Alipay.java:18)
Caused by: org.springframework.context.ApplicationContextException: Unable to start ServletWebServerApplicationContext due to missing ServletWebServerFactory bean.
	at org.springframework.boot.web.servlet.context.ServletWebServerApplicationContext.getWebServerFactory(ServletWebServerApplicationContext.java:203)
	at org.springframework.boot.web.servlet.context.ServletWebServerApplicationContext.createWebServer(ServletWebServerApplicationContext.java:179)
	at org.springframework.boot.web.servlet.context.ServletWebServerApplicationContext.onRefresh(ServletWebServerApplicationContext.java:153)
	... 8 common frames omitted
2022-06-12 20:19:12 | [1;31mERROR[0;39m | [1;33mmain[0;39m | [1;32morg.springframework.boot.SpringApplication[0;39m | Application run failed
org.springframework.context.ApplicationContextException: Unable to start web server; nested exception is org.springframework.context.ApplicationContextException: Unable to start ServletWebServerApplicationContext due to missing ServletWebServerFactory bean.
	at org.springframework.boot.web.servlet.context.ServletWebServerApplicationContext.onRefresh(ServletWebServerApplicationContext.java:156)
	at org.springframework.context.support.AbstractApplicationContext.refresh(AbstractApplicationContext.java:544)
	at org.springframework.boot.web.servlet.context.ServletWebServerApplicationContext.refresh(ServletWebServerApplicationContext.java:141)
	at org.springframework.boot.SpringApplication.refresh(SpringApplication.java:747)
	at org.springframework.boot.SpringApplication.refreshContext(SpringApplication.java:397)
	at org.springframework.boot.SpringApplication.run(SpringApplication.java:315)
	at org.springframework.boot.SpringApplication.run(SpringApplication.java:1226)
	at org.springframework.boot.SpringApplication.run(SpringApplication.java:1215)
	at com.cashbookcloud.alipay.Alipay.main(Alipay.java:18)
Caused by: org.springframework.context.ApplicationContextException: Unable to start ServletWebServerApplicationContext due to missing ServletWebServerFactory bean.
	at org.springframework.boot.web.servlet.context.ServletWebServerApplicationContext.getWebServerFactory(ServletWebServerApplicationContext.java:203)
	at org.springframework.boot.web.servlet.context.ServletWebServerApplicationContext.createWebServer(ServletWebServerApplicationContext.java:179)
	at org.springframework.boot.web.servlet.context.ServletWebServerApplicationContext.onRefresh(ServletWebServerApplicationContext.java:153)
	... 8 common frames omitted
2022-06-12 20:20:31 | [1;31mERROR[0;39m | [1;33mmain[0;39m | [1;32morg.springframework.boot.SpringApplication[0;39m | Application run failed
org.springframework.context.ApplicationContextException: Unable to start web server; nested exception is org.springframework.context.ApplicationContextException: Unable to start ServletWebServerApplicationContext due to missing ServletWebServerFactory bean.
	at org.springframework.boot.web.servlet.context.ServletWebServerApplicationContext.onRefresh(ServletWebServerApplicationContext.java:156)
	at org.springframework.context.support.AbstractApplicationContext.refresh(AbstractApplicationContext.java:544)
	at org.springframework.boot.web.servlet.context.ServletWebServerApplicationContext.refresh(ServletWebServerApplicationContext.java:141)
	at org.springframework.boot.SpringApplication.refresh(SpringApplication.java:747)
	at org.springframework.boot.SpringApplication.refreshContext(SpringApplication.java:397)
	at org.springframework.boot.SpringApplication.run(SpringApplication.java:315)
	at org.springframework.boot.SpringApplication.run(SpringApplication.java:1226)
	at org.springframework.boot.SpringApplication.run(SpringApplication.java:1215)
	at com.cashbookcloud.alipay.Alipay.main(Alipay.java:18)
Caused by: org.springframework.context.ApplicationContextException: Unable to start ServletWebServerApplicationContext due to missing ServletWebServerFactory bean.
	at org.springframework.boot.web.servlet.context.ServletWebServerApplicationContext.getWebServerFactory(ServletWebServerApplicationContext.java:203)
	at org.springframework.boot.web.servlet.context.ServletWebServerApplicationContext.createWebServer(ServletWebServerApplicationContext.java:179)
	at org.springframework.boot.web.servlet.context.ServletWebServerApplicationContext.onRefresh(ServletWebServerApplicationContext.java:153)
	... 8 common frames omitted
2022-06-12 20:21:45 | [1;31mERROR[0;39m | [1;33mmain[0;39m | [1;32morg.springframework.boot.web.embedded.tomcat.TomcatStarter[0;39m | Error starting Tomcat context. Exception: org.springframework.beans.factory.BeanCreationException. Message: Error creating bean with name 'servletEndpointRegistrar' defined in class path resource [org/springframework/boot/actuate/autoconfigure/endpoint/web/ServletEndpointManagementContextConfiguration$WebMvcServletEndpointManagementContextConfiguration.class]: Bean instantiation via factory method failed; nested exception is org.springframework.beans.BeanInstantiationException: Failed to instantiate [org.springframework.boot.actuate.endpoint.web.ServletEndpointRegistrar]: Factory method 'servletEndpointRegistrar' threw exception; nested exception is org.springframework.beans.factory.UnsatisfiedDependencyException: Error creating bean with name 'healthEndpoint' defined in class path resource [org/springframework/boot/actuate/autoconfigure/health/HealthEndpointConfiguration.class]: Unsatisfied dependency expressed through method 'healthEndpoint' parameter 0; nested exception is org.springframework.beans.factory.BeanCreationException: Error creating bean with name 'healthContributorRegistry' defined in class path resource [org/springframework/boot/actuate/autoconfigure/health/HealthEndpointConfiguration.class]: Bean instantiation via factory method failed; nested exception is org.springframework.beans.BeanInstantiationException: Failed to instantiate [org.springframework.boot.actuate.health.HealthContributorRegistry]: Factory method 'healthContributorRegistry' threw exception; nested exception is org.springframework.beans.factory.UnsatisfiedDependencyException: Error creating bean with name 'org.springframework.boot.actuate.autoconfigure.jdbc.DataSourceHealthContributorAutoConfiguration': Unsatisfied dependency expressed through constructor parameter 0; nested exception is org.springframework.beans.factory.BeanCreationException: Error creating bean with name 'dataSource' defined in class path resource [com/alibaba/druid/spring/boot/autoconfigure/DruidDataSourceAutoConfigure.class]: Invocation of init method failed; nested exception is org.springframework.boot.autoconfigure.jdbc.DataSourceProperties$DataSourceBeanCreationException: Failed to determine a suitable driver class
2022-06-12 20:21:45 | [1;31mERROR[0;39m | [1;33mmain[0;39m | [1;32morg.springframework.boot.diagnostics.LoggingFailureAnalysisReporter[0;39m |

***************************
APPLICATION FAILED TO START
***************************

Description:

Failed to configure a DataSource: 'url' attribute is not specified and no embedded datasource could be configured.

Reason: Failed to determine a suitable driver class


Action:

Consider the following:
	If you want an embedded database (H2, HSQL or Derby), please put it on the classpath.
	If you have database settings to be loaded from a particular profile you may need to activate it (no profiles are currently active).

2022-06-12 20:30:24 | [1;31mERROR[0;39m | [1;33mmain[0;39m | [1;32morg.springframework.boot.diagnostics.LoggingFailureAnalysisReporter[0;39m | 

***************************
APPLICATION FAILED TO START
***************************

Description:

Field alipay in com.cashbookcloud.alipay.service.impl.PayServiceImpl required a bean of type 'com.cashbookcloud.alipay.config.Alipay' that could not be found.

The injection point has the following annotations:
	- @org.springframework.beans.factory.annotation.Autowired(required=true)


Action:

Consider defining a bean of type 'com.cashbookcloud.alipay.config.Alipay' in your configuration.

2022-06-12 20:31:45 | [1;31mERROR[0;39m | [1;33mmain[0;39m | [1;32morg.springframework.boot.diagnostics.LoggingFailureAnalysisReporter[0;39m | 

***************************
APPLICATION FAILED TO START
***************************

Description:

Field alipay in com.cashbookcloud.alipay.service.impl.PayServiceImpl required a bean of type 'com.cashbookcloud.alipay.config.Alipay' that could not be found.

The injection point has the following annotations:
	- @org.springframework.beans.factory.annotation.Autowired(required=true)


Action:

Consider defining a bean of type 'com.cashbookcloud.alipay.config.Alipay' in your configuration.

2022-06-12 20:36:06 | [1;31mERROR[0;39m | [1;33mmain[0;39m | [1;32morg.springframework.boot.diagnostics.LoggingFailureAnalysisReporter[0;39m | 

***************************
APPLICATION FAILED TO START
***************************

Description:

Field alipay in com.cashbookcloud.alipay.service.impl.PayServiceImpl required a bean of type 'com.cashbookcloud.alipay.config.Alipay' that could not be found.

The injection point has the following annotations:
	- @org.springframework.beans.factory.annotation.Autowired(required=true)


Action:

Consider defining a bean of type 'com.cashbookcloud.alipay.config.Alipay' in your configuration.

2022-06-12 20:37:56 | [1;31mERROR[0;39m | [1;33mmain[0;39m | [1;32morg.springframework.boot.diagnostics.LoggingFailureAnalysisReporter[0;39m | 

***************************
APPLICATION FAILED TO START
***************************

Description:

Field alipay in com.cashbookcloud.alipay.service.impl.PayServiceImpl required a bean of type 'com.cashbookcloud.alipay.config.Alipay' that could not be found.

The injection point has the following annotations:
	- @org.springframework.beans.factory.annotation.Autowired(required=true)


Action:

Consider defining a bean of type 'com.cashbookcloud.alipay.config.Alipay' in your configuration.

2022-06-12 20:41:05 | [1;31mERROR[0;39m | [1;33mmain[0;39m | [1;32morg.springframework.boot.diagnostics.LoggingFailureAnalysisReporter[0;39m | 

***************************
APPLICATION FAILED TO START
***************************

Description:

Field alipay in com.cashbookcloud.alipay.service.impl.PayServiceImpl required a bean of type 'com.cashbookcloud.alipay.config.Alipay' that could not be found.

The injection point has the following annotations:
	- @org.springframework.beans.factory.annotation.Autowired(required=true)


Action:

Consider defining a bean of type 'com.cashbookcloud.alipay.config.Alipay' in your configuration.

2022-06-12 20:49:59 | [1;31mERROR[0;39m | [1;33mmain[0;39m | [1;32morg.springframework.boot.diagnostics.LoggingFailureAnalysisReporter[0;39m | 

***************************
APPLICATION FAILED TO START
***************************

Description:

Field alipay in com.cashbookcloud.alipay.service.impl.PayServiceImpl required a bean of type 'com.cashbookcloud.alipay.config.Alipay' that could not be found.

The injection point has the following annotations:
	- @org.springframework.beans.factory.annotation.Autowired(required=true)


Action:

Consider defining a bean of type 'com.cashbookcloud.alipay.config.Alipay' in your configuration.

2022-06-12 20:51:06 | [1;31mERROR[0;39m | [1;33mmain[0;39m | [1;32morg.springframework.boot.diagnostics.LoggingFailureAnalysisReporter[0;39m | 

***************************
APPLICATION FAILED TO START
***************************

Description:

Field payService in com.cashbookcloud.alipay.controller.AliPayController required a bean of type 'com.cashbookcloud.alipay.service.PayService' that could not be found.

The injection point has the following annotations:
	- @org.springframework.beans.factory.annotation.Autowired(required=true)


Action:

Consider defining a bean of type 'com.cashbookcloud.alipay.service.PayService' in your configuration.

