2022-06-10 13:00:58 | [1;31mERROR[0;39m | [1;33mmain[0;39m | [1;32mspringfox.documentation.swagger.readers.operation.OperationHttpMethodReader[0;39m | Invalid http method: GetValid ones are [[Lorg.springframework.web.bind.annotation.RequestMethod;@5e72c82a]
java.lang.IllegalArgumentException: No enum constant org.springframework.web.bind.annotation.RequestMethod.Get
	at java.lang.Enum.valueOf(Enum.java:238)
	at org.springframework.web.bind.annotation.RequestMethod.valueOf(RequestMethod.java:35)
	at springfox.documentation.swagger.readers.operation.OperationHttpMethodReader.apply(OperationHttpMethodReader.java:49)
	at springfox.documentation.spring.web.plugins.DocumentationPluginsManager.operation(DocumentationPluginsManager.java:120)
	at springfox.documentation.spring.web.readers.operation.ApiOperationReader.read(ApiOperationReader.java:73)
	at springfox.documentation.spring.web.scanners.CachingOperationReader$1.load(CachingOperationReader.java:50)
	at springfox.documentation.spring.web.scanners.CachingOperationReader$1.load(CachingOperationReader.java:48)
	at com.google.common.cache.LocalCache$LoadingValueReference.loadFuture(LocalCache.java:3529)
	at com.google.common.cache.LocalCache$Segment.loadSync(LocalCache.java:2278)
	at com.google.common.cache.LocalCache$Segment.lockedGetOrLoad(LocalCache.java:2155)
	at com.google.common.cache.LocalCache$Segment.get(LocalCache.java:2045)
	at com.google.common.cache.LocalCache.get(LocalCache.java:3951)
	at com.google.common.cache.LocalCache.getOrLoad(LocalCache.java:3974)
	at com.google.common.cache.LocalCache$LocalLoadingCache.get(LocalCache.java:4958)
	at com.google.common.cache.LocalCache$LocalLoadingCache.getUnchecked(LocalCache.java:4964)
	at springfox.documentation.spring.web.scanners.CachingOperationReader.read(CachingOperationReader.java:57)
	at springfox.documentation.spring.web.scanners.ApiDescriptionReader.read(ApiDescriptionReader.java:70)
	at springfox.documentation.spring.web.scanners.ApiListingScanner.scan(ApiListingScanner.java:134)
	at springfox.documentation.spring.web.scanners.ApiDocumentationScanner.scan(ApiDocumentationScanner.java:71)
	at springfox.documentation.spring.web.plugins.DocumentationPluginsBootstrapper.scanDocumentation(DocumentationPluginsBootstrapper.java:101)
	at springfox.documentation.spring.web.plugins.DocumentationPluginsBootstrapper.start(DocumentationPluginsBootstrapper.java:167)
	at org.springframework.context.support.DefaultLifecycleProcessor.doStart(DefaultLifecycleProcessor.java:182)
	at org.springframework.context.support.DefaultLifecycleProcessor.access$200(DefaultLifecycleProcessor.java:53)
	at org.springframework.context.support.DefaultLifecycleProcessor$LifecycleGroup.start(DefaultLifecycleProcessor.java:360)
	at org.springframework.context.support.DefaultLifecycleProcessor.startBeans(DefaultLifecycleProcessor.java:158)
	at org.springframework.context.support.DefaultLifecycleProcessor.onRefresh(DefaultLifecycleProcessor.java:122)
	at org.springframework.context.support.AbstractApplicationContext.finishRefresh(AbstractApplicationContext.java:894)
	at org.springframework.boot.web.servlet.context.ServletWebServerApplicationContext.finishRefresh(ServletWebServerApplicationContext.java:162)
	at org.springframework.context.support.AbstractApplicationContext.refresh(AbstractApplicationContext.java:553)
	at org.springframework.boot.web.servlet.context.ServletWebServerApplicationContext.refresh(ServletWebServerApplicationContext.java:141)
	at org.springframework.boot.SpringApplication.refresh(SpringApplication.java:747)
	at org.springframework.boot.SpringApplication.refreshContext(SpringApplication.java:397)
	at org.springframework.boot.SpringApplication.run(SpringApplication.java:315)
	at org.springframework.boot.SpringApplication.run(SpringApplication.java:1226)
	at org.springframework.boot.SpringApplication.run(SpringApplication.java:1215)
	at com.cashbookcloud.bill.service.CashBookBillServiceApplication.main(CashBookBillServiceApplication.java:19)
2022-06-10 13:00:58 | [1;31mERROR[0;39m | [1;33mmain[0;39m | [1;32mspringfox.documentation.swagger.readers.operation.OperationHttpMethodReader[0;39m | Invalid http method: PostValid ones are [[Lorg.springframework.web.bind.annotation.RequestMethod;@7741507c]
java.lang.IllegalArgumentException: No enum constant org.springframework.web.bind.annotation.RequestMethod.Post
	at java.lang.Enum.valueOf(Enum.java:238)
	at org.springframework.web.bind.annotation.RequestMethod.valueOf(RequestMethod.java:35)
	at springfox.documentation.swagger.readers.operation.OperationHttpMethodReader.apply(OperationHttpMethodReader.java:49)
	at springfox.documentation.spring.web.plugins.DocumentationPluginsManager.operation(DocumentationPluginsManager.java:120)
	at springfox.documentation.spring.web.readers.operation.ApiOperationReader.read(ApiOperationReader.java:73)
	at springfox.documentation.spring.web.scanners.CachingOperationReader$1.load(CachingOperationReader.java:50)
	at springfox.documentation.spring.web.scanners.CachingOperationReader$1.load(CachingOperationReader.java:48)
	at com.google.common.cache.LocalCache$LoadingValueReference.loadFuture(LocalCache.java:3529)
	at com.google.common.cache.LocalCache$Segment.loadSync(LocalCache.java:2278)
	at com.google.common.cache.LocalCache$Segment.lockedGetOrLoad(LocalCache.java:2155)
	at com.google.common.cache.LocalCache$Segment.get(LocalCache.java:2045)
	at com.google.common.cache.LocalCache.get(LocalCache.java:3951)
	at com.google.common.cache.LocalCache.getOrLoad(LocalCache.java:3974)
	at com.google.common.cache.LocalCache$LocalLoadingCache.get(LocalCache.java:4958)
	at com.google.common.cache.LocalCache$LocalLoadingCache.getUnchecked(LocalCache.java:4964)
	at springfox.documentation.spring.web.scanners.CachingOperationReader.read(CachingOperationReader.java:57)
	at springfox.documentation.spring.web.scanners.ApiDescriptionReader.read(ApiDescriptionReader.java:70)
	at springfox.documentation.spring.web.scanners.ApiListingScanner.scan(ApiListingScanner.java:134)
	at springfox.documentation.spring.web.scanners.ApiDocumentationScanner.scan(ApiDocumentationScanner.java:71)
	at springfox.documentation.spring.web.plugins.DocumentationPluginsBootstrapper.scanDocumentation(DocumentationPluginsBootstrapper.java:101)
	at springfox.documentation.spring.web.plugins.DocumentationPluginsBootstrapper.start(DocumentationPluginsBootstrapper.java:167)
	at org.springframework.context.support.DefaultLifecycleProcessor.doStart(DefaultLifecycleProcessor.java:182)
	at org.springframework.context.support.DefaultLifecycleProcessor.access$200(DefaultLifecycleProcessor.java:53)
	at org.springframework.context.support.DefaultLifecycleProcessor$LifecycleGroup.start(DefaultLifecycleProcessor.java:360)
	at org.springframework.context.support.DefaultLifecycleProcessor.startBeans(DefaultLifecycleProcessor.java:158)
	at org.springframework.context.support.DefaultLifecycleProcessor.onRefresh(DefaultLifecycleProcessor.java:122)
	at org.springframework.context.support.AbstractApplicationContext.finishRefresh(AbstractApplicationContext.java:894)
	at org.springframework.boot.web.servlet.context.ServletWebServerApplicationContext.finishRefresh(ServletWebServerApplicationContext.java:162)
	at org.springframework.context.support.AbstractApplicationContext.refresh(AbstractApplicationContext.java:553)
	at org.springframework.boot.web.servlet.context.ServletWebServerApplicationContext.refresh(ServletWebServerApplicationContext.java:141)
	at org.springframework.boot.SpringApplication.refresh(SpringApplication.java:747)
	at org.springframework.boot.SpringApplication.refreshContext(SpringApplication.java:397)
	at org.springframework.boot.SpringApplication.run(SpringApplication.java:315)
	at org.springframework.boot.SpringApplication.run(SpringApplication.java:1226)
	at org.springframework.boot.SpringApplication.run(SpringApplication.java:1215)
	at com.cashbookcloud.bill.service.CashBookBillServiceApplication.main(CashBookBillServiceApplication.java:19)
2022-06-10 13:00:58 | [1;31mERROR[0;39m | [1;33mmain[0;39m | [1;32mspringfox.documentation.swagger.readers.operation.OperationHttpMethodReader[0;39m | Invalid http method: DeleteValid ones are [[Lorg.springframework.web.bind.annotation.RequestMethod;@4468c0ea]
java.lang.IllegalArgumentException: No enum constant org.springframework.web.bind.annotation.RequestMethod.Delete
	at java.lang.Enum.valueOf(Enum.java:238)
	at org.springframework.web.bind.annotation.RequestMethod.valueOf(RequestMethod.java:35)
	at springfox.documentation.swagger.readers.operation.OperationHttpMethodReader.apply(OperationHttpMethodReader.java:49)
	at springfox.documentation.spring.web.plugins.DocumentationPluginsManager.operation(DocumentationPluginsManager.java:120)
	at springfox.documentation.spring.web.readers.operation.ApiOperationReader.read(ApiOperationReader.java:73)
	at springfox.documentation.spring.web.scanners.CachingOperationReader$1.load(CachingOperationReader.java:50)
	at springfox.documentation.spring.web.scanners.CachingOperationReader$1.load(CachingOperationReader.java:48)
	at com.google.common.cache.LocalCache$LoadingValueReference.loadFuture(LocalCache.java:3529)
	at com.google.common.cache.LocalCache$Segment.loadSync(LocalCache.java:2278)
	at com.google.common.cache.LocalCache$Segment.lockedGetOrLoad(LocalCache.java:2155)
	at com.google.common.cache.LocalCache$Segment.get(LocalCache.java:2045)
	at com.google.common.cache.LocalCache.get(LocalCache.java:3951)
	at com.google.common.cache.LocalCache.getOrLoad(LocalCache.java:3974)
	at com.google.common.cache.LocalCache$LocalLoadingCache.get(LocalCache.java:4958)
	at com.google.common.cache.LocalCache$LocalLoadingCache.getUnchecked(LocalCache.java:4964)
	at springfox.documentation.spring.web.scanners.CachingOperationReader.read(CachingOperationReader.java:57)
	at springfox.documentation.spring.web.scanners.ApiDescriptionReader.read(ApiDescriptionReader.java:70)
	at springfox.documentation.spring.web.scanners.ApiListingScanner.scan(ApiListingScanner.java:134)
	at springfox.documentation.spring.web.scanners.ApiDocumentationScanner.scan(ApiDocumentationScanner.java:71)
	at springfox.documentation.spring.web.plugins.DocumentationPluginsBootstrapper.scanDocumentation(DocumentationPluginsBootstrapper.java:101)
	at springfox.documentation.spring.web.plugins.DocumentationPluginsBootstrapper.start(DocumentationPluginsBootstrapper.java:167)
	at org.springframework.context.support.DefaultLifecycleProcessor.doStart(DefaultLifecycleProcessor.java:182)
	at org.springframework.context.support.DefaultLifecycleProcessor.access$200(DefaultLifecycleProcessor.java:53)
	at org.springframework.context.support.DefaultLifecycleProcessor$LifecycleGroup.start(DefaultLifecycleProcessor.java:360)
	at org.springframework.context.support.DefaultLifecycleProcessor.startBeans(DefaultLifecycleProcessor.java:158)
	at org.springframework.context.support.DefaultLifecycleProcessor.onRefresh(DefaultLifecycleProcessor.java:122)
	at org.springframework.context.support.AbstractApplicationContext.finishRefresh(AbstractApplicationContext.java:894)
	at org.springframework.boot.web.servlet.context.ServletWebServerApplicationContext.finishRefresh(ServletWebServerApplicationContext.java:162)
	at org.springframework.context.support.AbstractApplicationContext.refresh(AbstractApplicationContext.java:553)
	at org.springframework.boot.web.servlet.context.ServletWebServerApplicationContext.refresh(ServletWebServerApplicationContext.java:141)
	at org.springframework.boot.SpringApplication.refresh(SpringApplication.java:747)
	at org.springframework.boot.SpringApplication.refreshContext(SpringApplication.java:397)
	at org.springframework.boot.SpringApplication.run(SpringApplication.java:315)
	at org.springframework.boot.SpringApplication.run(SpringApplication.java:1226)
	at org.springframework.boot.SpringApplication.run(SpringApplication.java:1215)
	at com.cashbookcloud.bill.service.CashBookBillServiceApplication.main(CashBookBillServiceApplication.java:19)
2022-06-10 13:00:58 | [1;31mERROR[0;39m | [1;33mmain[0;39m | [1;32mspringfox.documentation.swagger.readers.operation.OperationHttpMethodReader[0;39m | Invalid http method: GetValid ones are [[Lorg.springframework.web.bind.annotation.RequestMethod;@4504a4ed]
java.lang.IllegalArgumentException: No enum constant org.springframework.web.bind.annotation.RequestMethod.Get
	at java.lang.Enum.valueOf(Enum.java:238)
	at org.springframework.web.bind.annotation.RequestMethod.valueOf(RequestMethod.java:35)
	at springfox.documentation.swagger.readers.operation.OperationHttpMethodReader.apply(OperationHttpMethodReader.java:49)
	at springfox.documentation.spring.web.plugins.DocumentationPluginsManager.operation(DocumentationPluginsManager.java:120)
	at springfox.documentation.spring.web.readers.operation.ApiOperationReader.read(ApiOperationReader.java:73)
	at springfox.documentation.spring.web.scanners.CachingOperationReader$1.load(CachingOperationReader.java:50)
	at springfox.documentation.spring.web.scanners.CachingOperationReader$1.load(CachingOperationReader.java:48)
	at com.google.common.cache.LocalCache$LoadingValueReference.loadFuture(LocalCache.java:3529)
	at com.google.common.cache.LocalCache$Segment.loadSync(LocalCache.java:2278)
	at com.google.common.cache.LocalCache$Segment.lockedGetOrLoad(LocalCache.java:2155)
	at com.google.common.cache.LocalCache$Segment.get(LocalCache.java:2045)
	at com.google.common.cache.LocalCache.get(LocalCache.java:3951)
	at com.google.common.cache.LocalCache.getOrLoad(LocalCache.java:3974)
	at com.google.common.cache.LocalCache$LocalLoadingCache.get(LocalCache.java:4958)
	at com.google.common.cache.LocalCache$LocalLoadingCache.getUnchecked(LocalCache.java:4964)
	at springfox.documentation.spring.web.scanners.CachingOperationReader.read(CachingOperationReader.java:57)
	at springfox.documentation.spring.web.scanners.ApiDescriptionReader.read(ApiDescriptionReader.java:70)
	at springfox.documentation.spring.web.scanners.ApiListingScanner.scan(ApiListingScanner.java:134)
	at springfox.documentation.spring.web.scanners.ApiDocumentationScanner.scan(ApiDocumentationScanner.java:71)
	at springfox.documentation.spring.web.plugins.DocumentationPluginsBootstrapper.scanDocumentation(DocumentationPluginsBootstrapper.java:101)
	at springfox.documentation.spring.web.plugins.DocumentationPluginsBootstrapper.start(DocumentationPluginsBootstrapper.java:167)
	at org.springframework.context.support.DefaultLifecycleProcessor.doStart(DefaultLifecycleProcessor.java:182)
	at org.springframework.context.support.DefaultLifecycleProcessor.access$200(DefaultLifecycleProcessor.java:53)
	at org.springframework.context.support.DefaultLifecycleProcessor$LifecycleGroup.start(DefaultLifecycleProcessor.java:360)
	at org.springframework.context.support.DefaultLifecycleProcessor.startBeans(DefaultLifecycleProcessor.java:158)
	at org.springframework.context.support.DefaultLifecycleProcessor.onRefresh(DefaultLifecycleProcessor.java:122)
	at org.springframework.context.support.AbstractApplicationContext.finishRefresh(AbstractApplicationContext.java:894)
	at org.springframework.boot.web.servlet.context.ServletWebServerApplicationContext.finishRefresh(ServletWebServerApplicationContext.java:162)
	at org.springframework.context.support.AbstractApplicationContext.refresh(AbstractApplicationContext.java:553)
	at org.springframework.boot.web.servlet.context.ServletWebServerApplicationContext.refresh(ServletWebServerApplicationContext.java:141)
	at org.springframework.boot.SpringApplication.refresh(SpringApplication.java:747)
	at org.springframework.boot.SpringApplication.refreshContext(SpringApplication.java:397)
	at org.springframework.boot.SpringApplication.run(SpringApplication.java:315)
	at org.springframework.boot.SpringApplication.run(SpringApplication.java:1226)
	at org.springframework.boot.SpringApplication.run(SpringApplication.java:1215)
	at com.cashbookcloud.bill.service.CashBookBillServiceApplication.main(CashBookBillServiceApplication.java:19)
2022-06-10 13:00:58 | [1;31mERROR[0;39m | [1;33mmain[0;39m | [1;32mspringfox.documentation.swagger.readers.operation.OperationHttpMethodReader[0;39m | Invalid http method: GetValid ones are [[Lorg.springframework.web.bind.annotation.RequestMethod;@35c95869]
java.lang.IllegalArgumentException: No enum constant org.springframework.web.bind.annotation.RequestMethod.Get
	at java.lang.Enum.valueOf(Enum.java:238)
	at org.springframework.web.bind.annotation.RequestMethod.valueOf(RequestMethod.java:35)
	at springfox.documentation.swagger.readers.operation.OperationHttpMethodReader.apply(OperationHttpMethodReader.java:49)
	at springfox.documentation.spring.web.plugins.DocumentationPluginsManager.operation(DocumentationPluginsManager.java:120)
	at springfox.documentation.spring.web.readers.operation.ApiOperationReader.read(ApiOperationReader.java:73)
	at springfox.documentation.spring.web.scanners.CachingOperationReader$1.load(CachingOperationReader.java:50)
	at springfox.documentation.spring.web.scanners.CachingOperationReader$1.load(CachingOperationReader.java:48)
	at com.google.common.cache.LocalCache$LoadingValueReference.loadFuture(LocalCache.java:3529)
	at com.google.common.cache.LocalCache$Segment.loadSync(LocalCache.java:2278)
	at com.google.common.cache.LocalCache$Segment.lockedGetOrLoad(LocalCache.java:2155)
	at com.google.common.cache.LocalCache$Segment.get(LocalCache.java:2045)
	at com.google.common.cache.LocalCache.get(LocalCache.java:3951)
	at com.google.common.cache.LocalCache.getOrLoad(LocalCache.java:3974)
	at com.google.common.cache.LocalCache$LocalLoadingCache.get(LocalCache.java:4958)
	at com.google.common.cache.LocalCache$LocalLoadingCache.getUnchecked(LocalCache.java:4964)
	at springfox.documentation.spring.web.scanners.CachingOperationReader.read(CachingOperationReader.java:57)
	at springfox.documentation.spring.web.scanners.ApiDescriptionReader.read(ApiDescriptionReader.java:70)
	at springfox.documentation.spring.web.scanners.ApiListingScanner.scan(ApiListingScanner.java:134)
	at springfox.documentation.spring.web.scanners.ApiDocumentationScanner.scan(ApiDocumentationScanner.java:71)
	at springfox.documentation.spring.web.plugins.DocumentationPluginsBootstrapper.scanDocumentation(DocumentationPluginsBootstrapper.java:101)
	at springfox.documentation.spring.web.plugins.DocumentationPluginsBootstrapper.start(DocumentationPluginsBootstrapper.java:167)
	at org.springframework.context.support.DefaultLifecycleProcessor.doStart(DefaultLifecycleProcessor.java:182)
	at org.springframework.context.support.DefaultLifecycleProcessor.access$200(DefaultLifecycleProcessor.java:53)
	at org.springframework.context.support.DefaultLifecycleProcessor$LifecycleGroup.start(DefaultLifecycleProcessor.java:360)
	at org.springframework.context.support.DefaultLifecycleProcessor.startBeans(DefaultLifecycleProcessor.java:158)
	at org.springframework.context.support.DefaultLifecycleProcessor.onRefresh(DefaultLifecycleProcessor.java:122)
	at org.springframework.context.support.AbstractApplicationContext.finishRefresh(AbstractApplicationContext.java:894)
	at org.springframework.boot.web.servlet.context.ServletWebServerApplicationContext.finishRefresh(ServletWebServerApplicationContext.java:162)
	at org.springframework.context.support.AbstractApplicationContext.refresh(AbstractApplicationContext.java:553)
	at org.springframework.boot.web.servlet.context.ServletWebServerApplicationContext.refresh(ServletWebServerApplicationContext.java:141)
	at org.springframework.boot.SpringApplication.refresh(SpringApplication.java:747)
	at org.springframework.boot.SpringApplication.refreshContext(SpringApplication.java:397)
	at org.springframework.boot.SpringApplication.run(SpringApplication.java:315)
	at org.springframework.boot.SpringApplication.run(SpringApplication.java:1226)
	at org.springframework.boot.SpringApplication.run(SpringApplication.java:1215)
	at com.cashbookcloud.bill.service.CashBookBillServiceApplication.main(CashBookBillServiceApplication.java:19)
2022-06-10 13:00:58 | [1;31mERROR[0;39m | [1;33mmain[0;39m | [1;32mspringfox.documentation.swagger.readers.operation.OperationHttpMethodReader[0;39m | Invalid http method: GetValid ones are [[Lorg.springframework.web.bind.annotation.RequestMethod;@361d8567]
java.lang.IllegalArgumentException: No enum constant org.springframework.web.bind.annotation.RequestMethod.Get
	at java.lang.Enum.valueOf(Enum.java:238)
	at org.springframework.web.bind.annotation.RequestMethod.valueOf(RequestMethod.java:35)
	at springfox.documentation.swagger.readers.operation.OperationHttpMethodReader.apply(OperationHttpMethodReader.java:49)
	at springfox.documentation.spring.web.plugins.DocumentationPluginsManager.operation(DocumentationPluginsManager.java:120)
	at springfox.documentation.spring.web.readers.operation.ApiOperationReader.read(ApiOperationReader.java:73)
	at springfox.documentation.spring.web.scanners.CachingOperationReader$1.load(CachingOperationReader.java:50)
	at springfox.documentation.spring.web.scanners.CachingOperationReader$1.load(CachingOperationReader.java:48)
	at com.google.common.cache.LocalCache$LoadingValueReference.loadFuture(LocalCache.java:3529)
	at com.google.common.cache.LocalCache$Segment.loadSync(LocalCache.java:2278)
	at com.google.common.cache.LocalCache$Segment.lockedGetOrLoad(LocalCache.java:2155)
	at com.google.common.cache.LocalCache$Segment.get(LocalCache.java:2045)
	at com.google.common.cache.LocalCache.get(LocalCache.java:3951)
	at com.google.common.cache.LocalCache.getOrLoad(LocalCache.java:3974)
	at com.google.common.cache.LocalCache$LocalLoadingCache.get(LocalCache.java:4958)
	at com.google.common.cache.LocalCache$LocalLoadingCache.getUnchecked(LocalCache.java:4964)
	at springfox.documentation.spring.web.scanners.CachingOperationReader.read(CachingOperationReader.java:57)
	at springfox.documentation.spring.web.scanners.ApiDescriptionReader.read(ApiDescriptionReader.java:70)
	at springfox.documentation.spring.web.scanners.ApiListingScanner.scan(ApiListingScanner.java:134)
	at springfox.documentation.spring.web.scanners.ApiDocumentationScanner.scan(ApiDocumentationScanner.java:71)
	at springfox.documentation.spring.web.plugins.DocumentationPluginsBootstrapper.scanDocumentation(DocumentationPluginsBootstrapper.java:101)
	at springfox.documentation.spring.web.plugins.DocumentationPluginsBootstrapper.start(DocumentationPluginsBootstrapper.java:167)
	at org.springframework.context.support.DefaultLifecycleProcessor.doStart(DefaultLifecycleProcessor.java:182)
	at org.springframework.context.support.DefaultLifecycleProcessor.access$200(DefaultLifecycleProcessor.java:53)
	at org.springframework.context.support.DefaultLifecycleProcessor$LifecycleGroup.start(DefaultLifecycleProcessor.java:360)
	at org.springframework.context.support.DefaultLifecycleProcessor.startBeans(DefaultLifecycleProcessor.java:158)
	at org.springframework.context.support.DefaultLifecycleProcessor.onRefresh(DefaultLifecycleProcessor.java:122)
	at org.springframework.context.support.AbstractApplicationContext.finishRefresh(AbstractApplicationContext.java:894)
	at org.springframework.boot.web.servlet.context.ServletWebServerApplicationContext.finishRefresh(ServletWebServerApplicationContext.java:162)
	at org.springframework.context.support.AbstractApplicationContext.refresh(AbstractApplicationContext.java:553)
	at org.springframework.boot.web.servlet.context.ServletWebServerApplicationContext.refresh(ServletWebServerApplicationContext.java:141)
	at org.springframework.boot.SpringApplication.refresh(SpringApplication.java:747)
	at org.springframework.boot.SpringApplication.refreshContext(SpringApplication.java:397)
	at org.springframework.boot.SpringApplication.run(SpringApplication.java:315)
	at org.springframework.boot.SpringApplication.run(SpringApplication.java:1226)
	at org.springframework.boot.SpringApplication.run(SpringApplication.java:1215)
	at com.cashbookcloud.bill.service.CashBookBillServiceApplication.main(CashBookBillServiceApplication.java:19)
2022-06-10 13:00:58 | [1;31mERROR[0;39m | [1;33mmain[0;39m | [1;32mspringfox.documentation.swagger.readers.operation.OperationHttpMethodReader[0;39m | Invalid http method: GetValid ones are [[Lorg.springframework.web.bind.annotation.RequestMethod;@1a4ae53d]
java.lang.IllegalArgumentException: No enum constant org.springframework.web.bind.annotation.RequestMethod.Get
	at java.lang.Enum.valueOf(Enum.java:238)
	at org.springframework.web.bind.annotation.RequestMethod.valueOf(RequestMethod.java:35)
	at springfox.documentation.swagger.readers.operation.OperationHttpMethodReader.apply(OperationHttpMethodReader.java:49)
	at springfox.documentation.spring.web.plugins.DocumentationPluginsManager.operation(DocumentationPluginsManager.java:120)
	at springfox.documentation.spring.web.readers.operation.ApiOperationReader.read(ApiOperationReader.java:73)
	at springfox.documentation.spring.web.scanners.CachingOperationReader$1.load(CachingOperationReader.java:50)
	at springfox.documentation.spring.web.scanners.CachingOperationReader$1.load(CachingOperationReader.java:48)
	at com.google.common.cache.LocalCache$LoadingValueReference.loadFuture(LocalCache.java:3529)
	at com.google.common.cache.LocalCache$Segment.loadSync(LocalCache.java:2278)
	at com.google.common.cache.LocalCache$Segment.lockedGetOrLoad(LocalCache.java:2155)
	at com.google.common.cache.LocalCache$Segment.get(LocalCache.java:2045)
	at com.google.common.cache.LocalCache.get(LocalCache.java:3951)
	at com.google.common.cache.LocalCache.getOrLoad(LocalCache.java:3974)
	at com.google.common.cache.LocalCache$LocalLoadingCache.get(LocalCache.java:4958)
	at com.google.common.cache.LocalCache$LocalLoadingCache.getUnchecked(LocalCache.java:4964)
	at springfox.documentation.spring.web.scanners.CachingOperationReader.read(CachingOperationReader.java:57)
	at springfox.documentation.spring.web.scanners.ApiDescriptionReader.read(ApiDescriptionReader.java:70)
	at springfox.documentation.spring.web.scanners.ApiListingScanner.scan(ApiListingScanner.java:134)
	at springfox.documentation.spring.web.scanners.ApiDocumentationScanner.scan(ApiDocumentationScanner.java:71)
	at springfox.documentation.spring.web.plugins.DocumentationPluginsBootstrapper.scanDocumentation(DocumentationPluginsBootstrapper.java:101)
	at springfox.documentation.spring.web.plugins.DocumentationPluginsBootstrapper.start(DocumentationPluginsBootstrapper.java:167)
	at org.springframework.context.support.DefaultLifecycleProcessor.doStart(DefaultLifecycleProcessor.java:182)
	at org.springframework.context.support.DefaultLifecycleProcessor.access$200(DefaultLifecycleProcessor.java:53)
	at org.springframework.context.support.DefaultLifecycleProcessor$LifecycleGroup.start(DefaultLifecycleProcessor.java:360)
	at org.springframework.context.support.DefaultLifecycleProcessor.startBeans(DefaultLifecycleProcessor.java:158)
	at org.springframework.context.support.DefaultLifecycleProcessor.onRefresh(DefaultLifecycleProcessor.java:122)
	at org.springframework.context.support.AbstractApplicationContext.finishRefresh(AbstractApplicationContext.java:894)
	at org.springframework.boot.web.servlet.context.ServletWebServerApplicationContext.finishRefresh(ServletWebServerApplicationContext.java:162)
	at org.springframework.context.support.AbstractApplicationContext.refresh(AbstractApplicationContext.java:553)
	at org.springframework.boot.web.servlet.context.ServletWebServerApplicationContext.refresh(ServletWebServerApplicationContext.java:141)
	at org.springframework.boot.SpringApplication.refresh(SpringApplication.java:747)
	at org.springframework.boot.SpringApplication.refreshContext(SpringApplication.java:397)
	at org.springframework.boot.SpringApplication.run(SpringApplication.java:315)
	at org.springframework.boot.SpringApplication.run(SpringApplication.java:1226)
	at org.springframework.boot.SpringApplication.run(SpringApplication.java:1215)
	at com.cashbookcloud.bill.service.CashBookBillServiceApplication.main(CashBookBillServiceApplication.java:19)
2022-06-10 13:00:58 | [1;31mERROR[0;39m | [1;33mmain[0;39m | [1;32mspringfox.documentation.swagger.readers.operation.OperationHttpMethodReader[0;39m | Invalid http method: GetValid ones are [[Lorg.springframework.web.bind.annotation.RequestMethod;@49cd08f9]
java.lang.IllegalArgumentException: No enum constant org.springframework.web.bind.annotation.RequestMethod.Get
	at java.lang.Enum.valueOf(Enum.java:238)
	at org.springframework.web.bind.annotation.RequestMethod.valueOf(RequestMethod.java:35)
	at springfox.documentation.swagger.readers.operation.OperationHttpMethodReader.apply(OperationHttpMethodReader.java:49)
	at springfox.documentation.spring.web.plugins.DocumentationPluginsManager.operation(DocumentationPluginsManager.java:120)
	at springfox.documentation.spring.web.readers.operation.ApiOperationReader.read(ApiOperationReader.java:73)
	at springfox.documentation.spring.web.scanners.CachingOperationReader$1.load(CachingOperationReader.java:50)
	at springfox.documentation.spring.web.scanners.CachingOperationReader$1.load(CachingOperationReader.java:48)
	at com.google.common.cache.LocalCache$LoadingValueReference.loadFuture(LocalCache.java:3529)
	at com.google.common.cache.LocalCache$Segment.loadSync(LocalCache.java:2278)
	at com.google.common.cache.LocalCache$Segment.lockedGetOrLoad(LocalCache.java:2155)
	at com.google.common.cache.LocalCache$Segment.get(LocalCache.java:2045)
	at com.google.common.cache.LocalCache.get(LocalCache.java:3951)
	at com.google.common.cache.LocalCache.getOrLoad(LocalCache.java:3974)
	at com.google.common.cache.LocalCache$LocalLoadingCache.get(LocalCache.java:4958)
	at com.google.common.cache.LocalCache$LocalLoadingCache.getUnchecked(LocalCache.java:4964)
	at springfox.documentation.spring.web.scanners.CachingOperationReader.read(CachingOperationReader.java:57)
	at springfox.documentation.spring.web.scanners.ApiDescriptionReader.read(ApiDescriptionReader.java:70)
	at springfox.documentation.spring.web.scanners.ApiListingScanner.scan(ApiListingScanner.java:134)
	at springfox.documentation.spring.web.scanners.ApiDocumentationScanner.scan(ApiDocumentationScanner.java:71)
	at springfox.documentation.spring.web.plugins.DocumentationPluginsBootstrapper.scanDocumentation(DocumentationPluginsBootstrapper.java:101)
	at springfox.documentation.spring.web.plugins.DocumentationPluginsBootstrapper.start(DocumentationPluginsBootstrapper.java:167)
	at org.springframework.context.support.DefaultLifecycleProcessor.doStart(DefaultLifecycleProcessor.java:182)
	at org.springframework.context.support.DefaultLifecycleProcessor.access$200(DefaultLifecycleProcessor.java:53)
	at org.springframework.context.support.DefaultLifecycleProcessor$LifecycleGroup.start(DefaultLifecycleProcessor.java:360)
	at org.springframework.context.support.DefaultLifecycleProcessor.startBeans(DefaultLifecycleProcessor.java:158)
	at org.springframework.context.support.DefaultLifecycleProcessor.onRefresh(DefaultLifecycleProcessor.java:122)
	at org.springframework.context.support.AbstractApplicationContext.finishRefresh(AbstractApplicationContext.java:894)
	at org.springframework.boot.web.servlet.context.ServletWebServerApplicationContext.finishRefresh(ServletWebServerApplicationContext.java:162)
	at org.springframework.context.support.AbstractApplicationContext.refresh(AbstractApplicationContext.java:553)
	at org.springframework.boot.web.servlet.context.ServletWebServerApplicationContext.refresh(ServletWebServerApplicationContext.java:141)
	at org.springframework.boot.SpringApplication.refresh(SpringApplication.java:747)
	at org.springframework.boot.SpringApplication.refreshContext(SpringApplication.java:397)
	at org.springframework.boot.SpringApplication.run(SpringApplication.java:315)
	at org.springframework.boot.SpringApplication.run(SpringApplication.java:1226)
	at org.springframework.boot.SpringApplication.run(SpringApplication.java:1215)
	at com.cashbookcloud.bill.service.CashBookBillServiceApplication.main(CashBookBillServiceApplication.java:19)
2022-06-10 13:00:58 | [1;31mERROR[0;39m | [1;33mmain[0;39m | [1;32mspringfox.documentation.swagger.readers.operation.OperationHttpMethodReader[0;39m | Invalid http method: PutValid ones are [[Lorg.springframework.web.bind.annotation.RequestMethod;@7792e14f]
java.lang.IllegalArgumentException: No enum constant org.springframework.web.bind.annotation.RequestMethod.Put
	at java.lang.Enum.valueOf(Enum.java:238)
	at org.springframework.web.bind.annotation.RequestMethod.valueOf(RequestMethod.java:35)
	at springfox.documentation.swagger.readers.operation.OperationHttpMethodReader.apply(OperationHttpMethodReader.java:49)
	at springfox.documentation.spring.web.plugins.DocumentationPluginsManager.operation(DocumentationPluginsManager.java:120)
	at springfox.documentation.spring.web.readers.operation.ApiOperationReader.read(ApiOperationReader.java:73)
	at springfox.documentation.spring.web.scanners.CachingOperationReader$1.load(CachingOperationReader.java:50)
	at springfox.documentation.spring.web.scanners.CachingOperationReader$1.load(CachingOperationReader.java:48)
	at com.google.common.cache.LocalCache$LoadingValueReference.loadFuture(LocalCache.java:3529)
	at com.google.common.cache.LocalCache$Segment.loadSync(LocalCache.java:2278)
	at com.google.common.cache.LocalCache$Segment.lockedGetOrLoad(LocalCache.java:2155)
	at com.google.common.cache.LocalCache$Segment.get(LocalCache.java:2045)
	at com.google.common.cache.LocalCache.get(LocalCache.java:3951)
	at com.google.common.cache.LocalCache.getOrLoad(LocalCache.java:3974)
	at com.google.common.cache.LocalCache$LocalLoadingCache.get(LocalCache.java:4958)
	at com.google.common.cache.LocalCache$LocalLoadingCache.getUnchecked(LocalCache.java:4964)
	at springfox.documentation.spring.web.scanners.CachingOperationReader.read(CachingOperationReader.java:57)
	at springfox.documentation.spring.web.scanners.ApiDescriptionReader.read(ApiDescriptionReader.java:70)
	at springfox.documentation.spring.web.scanners.ApiListingScanner.scan(ApiListingScanner.java:134)
	at springfox.documentation.spring.web.scanners.ApiDocumentationScanner.scan(ApiDocumentationScanner.java:71)
	at springfox.documentation.spring.web.plugins.DocumentationPluginsBootstrapper.scanDocumentation(DocumentationPluginsBootstrapper.java:101)
	at springfox.documentation.spring.web.plugins.DocumentationPluginsBootstrapper.start(DocumentationPluginsBootstrapper.java:167)
	at org.springframework.context.support.DefaultLifecycleProcessor.doStart(DefaultLifecycleProcessor.java:182)
	at org.springframework.context.support.DefaultLifecycleProcessor.access$200(DefaultLifecycleProcessor.java:53)
	at org.springframework.context.support.DefaultLifecycleProcessor$LifecycleGroup.start(DefaultLifecycleProcessor.java:360)
	at org.springframework.context.support.DefaultLifecycleProcessor.startBeans(DefaultLifecycleProcessor.java:158)
	at org.springframework.context.support.DefaultLifecycleProcessor.onRefresh(DefaultLifecycleProcessor.java:122)
	at org.springframework.context.support.AbstractApplicationContext.finishRefresh(AbstractApplicationContext.java:894)
	at org.springframework.boot.web.servlet.context.ServletWebServerApplicationContext.finishRefresh(ServletWebServerApplicationContext.java:162)
	at org.springframework.context.support.AbstractApplicationContext.refresh(AbstractApplicationContext.java:553)
	at org.springframework.boot.web.servlet.context.ServletWebServerApplicationContext.refresh(ServletWebServerApplicationContext.java:141)
	at org.springframework.boot.SpringApplication.refresh(SpringApplication.java:747)
	at org.springframework.boot.SpringApplication.refreshContext(SpringApplication.java:397)
	at org.springframework.boot.SpringApplication.run(SpringApplication.java:315)
	at org.springframework.boot.SpringApplication.run(SpringApplication.java:1226)
	at org.springframework.boot.SpringApplication.run(SpringApplication.java:1215)
	at com.cashbookcloud.bill.service.CashBookBillServiceApplication.main(CashBookBillServiceApplication.java:19)
