2022-06-13 15:47:01 | [1;31mERROR[0;39m | [1;33mmain[0;39m | [1;32morg.springframework.boot.SpringApplication[0;39m | Application run failed
org.springframework.beans.factory.BeanCreationException: Error creating bean with name 'zuulController' defined in class path resource [org/springframework/cloud/netflix/zuul/ZuulProxyAutoConfiguration.class]: Invocation of init method failed; nested exception is java.lang.IllegalStateException: WebApplicationObjectSupport instance [org.springframework.cloud.netflix.zuul.web.ZuulController@3add5e17] does not run in a WebApplicationContext but in: org.springframework.boot.web.reactive.context.AnnotationConfigReactiveWebServerApplicationContext@4bff1903, started on Mon Jun 13 15:46:54 CST 2022, parent: org.springframework.context.annotation.AnnotationConfigApplicationContext@4145bad8
	at org.springframework.beans.factory.support.AbstractAutowireCapableBeanFactory.initializeBean(AbstractAutowireCapableBeanFactory.java:1796)
	at org.springframework.beans.factory.support.AbstractAutowireCapableBeanFactory.doCreateBean(AbstractAutowireCapableBeanFactory.java:595)
	at org.springframework.beans.factory.support.AbstractAutowireCapableBeanFactory.createBean(AbstractAutowireCapableBeanFactory.java:517)
	at org.springframework.beans.factory.support.AbstractBeanFactory.lambda$doGetBean$0(AbstractBeanFactory.java:323)
	at org.springframework.beans.factory.support.DefaultSingletonBeanRegistry.getSingleton(DefaultSingletonBeanRegistry.java:222)
	at org.springframework.beans.factory.support.AbstractBeanFactory.doGetBean(AbstractBeanFactory.java:321)
	at org.springframework.beans.factory.support.AbstractBeanFactory.getBean(AbstractBeanFactory.java:202)
	at org.springframework.beans.factory.support.DefaultListableBeanFactory.preInstantiateSingletons(DefaultListableBeanFactory.java:879)
	at org.springframework.context.support.AbstractApplicationContext.finishBeanFactoryInitialization(AbstractApplicationContext.java:878)
	at org.springframework.context.support.AbstractApplicationContext.refresh(AbstractApplicationContext.java:550)
	at org.springframework.boot.web.reactive.context.ReactiveWebServerApplicationContext.refresh(ReactiveWebServerApplicationContext.java:66)
	at org.springframework.boot.SpringApplication.refresh(SpringApplication.java:747)
	at org.springframework.boot.SpringApplication.refreshContext(SpringApplication.java:397)
	at org.springframework.boot.SpringApplication.run(SpringApplication.java:315)
	at com.cashbookcloud.gateway.CloudGatewayApplication.main(CloudGatewayApplication.java:38)
Caused by: java.lang.IllegalStateException: WebApplicationObjectSupport instance [org.springframework.cloud.netflix.zuul.web.ZuulController@3add5e17] does not run in a WebApplicationContext but in: org.springframework.boot.web.reactive.context.AnnotationConfigReactiveWebServerApplicationContext@4bff1903, started on Mon Jun 13 15:46:54 CST 2022, parent: org.springframework.context.annotation.AnnotationConfigApplicationContext@4145bad8
	at org.springframework.web.context.support.WebApplicationObjectSupport.getWebApplicationContext(WebApplicationObjectSupport.java:115)
	at org.springframework.web.context.support.WebApplicationObjectSupport.getServletContext(WebApplicationObjectSupport.java:134)
	at org.springframework.web.servlet.mvc.ServletWrappingController.access$200(ServletWrappingController.java:86)
	at org.springframework.web.servlet.mvc.ServletWrappingController$DelegatingServletConfig.getServletContext(ServletWrappingController.java:199)
	at javax.servlet.GenericServlet.getServletContext(GenericServlet.java:205)
	at javax.servlet.GenericServlet.log(GenericServlet.java:300)
	at javax.servlet.GenericServlet.init(GenericServlet.java:257)
	at com.netflix.zuul.http.ZuulServlet.init(ZuulServlet.java:55)
	at org.springframework.web.servlet.mvc.ServletWrappingController.afterPropertiesSet(ServletWrappingController.java:153)
	at org.springframework.beans.factory.support.AbstractAutowireCapableBeanFactory.invokeInitMethods(AbstractAutowireCapableBeanFactory.java:1855)
	at org.springframework.beans.factory.support.AbstractAutowireCapableBeanFactory.initializeBean(AbstractAutowireCapableBeanFactory.java:1792)
	... 14 common frames omitted
2022-06-13 15:47:55 | [1;31mERROR[0;39m | [1;33mmain[0;39m | [1;32morg.springframework.boot.SpringApplication[0;39m | Application run failed
org.springframework.beans.factory.BeanCreationException: Error creating bean with name 'zuulController' defined in class path resource [org/springframework/cloud/netflix/zuul/ZuulProxyAutoConfiguration.class]: Invocation of init method failed; nested exception is java.lang.IllegalStateException: WebApplicationObjectSupport instance [org.springframework.cloud.netflix.zuul.web.ZuulController@3de88f64] does not run in a WebApplicationContext but in: org.springframework.boot.web.reactive.context.AnnotationConfigReactiveWebServerApplicationContext@3dddefd8, started on Mon Jun 13 15:47:49 CST 2022, parent: org.springframework.context.annotation.AnnotationConfigApplicationContext@4a883b15
	at org.springframework.beans.factory.support.AbstractAutowireCapableBeanFactory.initializeBean(AbstractAutowireCapableBeanFactory.java:1796)
	at org.springframework.beans.factory.support.AbstractAutowireCapableBeanFactory.doCreateBean(AbstractAutowireCapableBeanFactory.java:595)
	at org.springframework.beans.factory.support.AbstractAutowireCapableBeanFactory.createBean(AbstractAutowireCapableBeanFactory.java:517)
	at org.springframework.beans.factory.support.AbstractBeanFactory.lambda$doGetBean$0(AbstractBeanFactory.java:323)
	at org.springframework.beans.factory.support.DefaultSingletonBeanRegistry.getSingleton(DefaultSingletonBeanRegistry.java:222)
	at org.springframework.beans.factory.support.AbstractBeanFactory.doGetBean(AbstractBeanFactory.java:321)
	at org.springframework.beans.factory.support.AbstractBeanFactory.getBean(AbstractBeanFactory.java:202)
	at org.springframework.beans.factory.support.DefaultListableBeanFactory.preInstantiateSingletons(DefaultListableBeanFactory.java:879)
	at org.springframework.context.support.AbstractApplicationContext.finishBeanFactoryInitialization(AbstractApplicationContext.java:878)
	at org.springframework.context.support.AbstractApplicationContext.refresh(AbstractApplicationContext.java:550)
	at org.springframework.boot.web.reactive.context.ReactiveWebServerApplicationContext.refresh(ReactiveWebServerApplicationContext.java:66)
	at org.springframework.boot.SpringApplication.refresh(SpringApplication.java:747)
	at org.springframework.boot.SpringApplication.refreshContext(SpringApplication.java:397)
	at org.springframework.boot.SpringApplication.run(SpringApplication.java:315)
	at com.cashbookcloud.gateway.CloudGatewayApplication.main(CloudGatewayApplication.java:38)
Caused by: java.lang.IllegalStateException: WebApplicationObjectSupport instance [org.springframework.cloud.netflix.zuul.web.ZuulController@3de88f64] does not run in a WebApplicationContext but in: org.springframework.boot.web.reactive.context.AnnotationConfigReactiveWebServerApplicationContext@3dddefd8, started on Mon Jun 13 15:47:49 CST 2022, parent: org.springframework.context.annotation.AnnotationConfigApplicationContext@4a883b15
	at org.springframework.web.context.support.WebApplicationObjectSupport.getWebApplicationContext(WebApplicationObjectSupport.java:115)
	at org.springframework.web.context.support.WebApplicationObjectSupport.getServletContext(WebApplicationObjectSupport.java:134)
	at org.springframework.web.servlet.mvc.ServletWrappingController.access$200(ServletWrappingController.java:86)
	at org.springframework.web.servlet.mvc.ServletWrappingController$DelegatingServletConfig.getServletContext(ServletWrappingController.java:199)
	at javax.servlet.GenericServlet.getServletContext(GenericServlet.java:205)
	at javax.servlet.GenericServlet.log(GenericServlet.java:300)
	at javax.servlet.GenericServlet.init(GenericServlet.java:257)
	at com.netflix.zuul.http.ZuulServlet.init(ZuulServlet.java:55)
	at org.springframework.web.servlet.mvc.ServletWrappingController.afterPropertiesSet(ServletWrappingController.java:153)
	at org.springframework.beans.factory.support.AbstractAutowireCapableBeanFactory.invokeInitMethods(AbstractAutowireCapableBeanFactory.java:1855)
	at org.springframework.beans.factory.support.AbstractAutowireCapableBeanFactory.initializeBean(AbstractAutowireCapableBeanFactory.java:1792)
	... 14 common frames omitted
2022-06-13 15:52:00 | [1;31mERROR[0;39m | [1;33mmain[0;39m | [1;32morg.springframework.boot.SpringApplication[0;39m | Application run failed
org.springframework.beans.factory.BeanCreationException: Error creating bean with name 'zuulController' defined in class path resource [org/springframework/cloud/netflix/zuul/ZuulProxyAutoConfiguration.class]: Invocation of init method failed; nested exception is java.lang.IllegalStateException: WebApplicationObjectSupport instance [org.springframework.cloud.netflix.zuul.web.ZuulController@1a3b1f7e] does not run in a WebApplicationContext but in: org.springframework.boot.web.reactive.context.AnnotationConfigReactiveWebServerApplicationContext@285c08c8, started on Mon Jun 13 15:51:55 CST 2022, parent: org.springframework.context.annotation.AnnotationConfigApplicationContext@f09733f
	at org.springframework.beans.factory.support.AbstractAutowireCapableBeanFactory.initializeBean(AbstractAutowireCapableBeanFactory.java:1796)
	at org.springframework.beans.factory.support.AbstractAutowireCapableBeanFactory.doCreateBean(AbstractAutowireCapableBeanFactory.java:595)
	at org.springframework.beans.factory.support.AbstractAutowireCapableBeanFactory.createBean(AbstractAutowireCapableBeanFactory.java:517)
	at org.springframework.beans.factory.support.AbstractBeanFactory.lambda$doGetBean$0(AbstractBeanFactory.java:323)
	at org.springframework.beans.factory.support.DefaultSingletonBeanRegistry.getSingleton(DefaultSingletonBeanRegistry.java:222)
	at org.springframework.beans.factory.support.AbstractBeanFactory.doGetBean(AbstractBeanFactory.java:321)
	at org.springframework.beans.factory.support.AbstractBeanFactory.getBean(AbstractBeanFactory.java:202)
	at org.springframework.beans.factory.support.DefaultListableBeanFactory.preInstantiateSingletons(DefaultListableBeanFactory.java:879)
	at org.springframework.context.support.AbstractApplicationContext.finishBeanFactoryInitialization(AbstractApplicationContext.java:878)
	at org.springframework.context.support.AbstractApplicationContext.refresh(AbstractApplicationContext.java:550)
	at org.springframework.boot.web.reactive.context.ReactiveWebServerApplicationContext.refresh(ReactiveWebServerApplicationContext.java:66)
	at org.springframework.boot.SpringApplication.refresh(SpringApplication.java:747)
	at org.springframework.boot.SpringApplication.refreshContext(SpringApplication.java:397)
	at org.springframework.boot.SpringApplication.run(SpringApplication.java:315)
	at com.cashbookcloud.gateway.CloudGatewayApplication.main(CloudGatewayApplication.java:38)
Caused by: java.lang.IllegalStateException: WebApplicationObjectSupport instance [org.springframework.cloud.netflix.zuul.web.ZuulController@1a3b1f7e] does not run in a WebApplicationContext but in: org.springframework.boot.web.reactive.context.AnnotationConfigReactiveWebServerApplicationContext@285c08c8, started on Mon Jun 13 15:51:55 CST 2022, parent: org.springframework.context.annotation.AnnotationConfigApplicationContext@f09733f
	at org.springframework.web.context.support.WebApplicationObjectSupport.getWebApplicationContext(WebApplicationObjectSupport.java:115)
	at org.springframework.web.context.support.WebApplicationObjectSupport.getServletContext(WebApplicationObjectSupport.java:134)
	at org.springframework.web.servlet.mvc.ServletWrappingController.access$200(ServletWrappingController.java:86)
	at org.springframework.web.servlet.mvc.ServletWrappingController$DelegatingServletConfig.getServletContext(ServletWrappingController.java:199)
	at javax.servlet.GenericServlet.getServletContext(GenericServlet.java:205)
	at javax.servlet.GenericServlet.log(GenericServlet.java:300)
	at javax.servlet.GenericServlet.init(GenericServlet.java:257)
	at com.netflix.zuul.http.ZuulServlet.init(ZuulServlet.java:55)
	at org.springframework.web.servlet.mvc.ServletWrappingController.afterPropertiesSet(ServletWrappingController.java:153)
	at org.springframework.beans.factory.support.AbstractAutowireCapableBeanFactory.invokeInitMethods(AbstractAutowireCapableBeanFactory.java:1855)
	at org.springframework.beans.factory.support.AbstractAutowireCapableBeanFactory.initializeBean(AbstractAutowireCapableBeanFactory.java:1792)
	... 14 common frames omitted
2022-06-13 15:55:31 | [1;31mERROR[0;39m | [1;33mmain[0;39m | [1;32morg.springframework.boot.SpringApplication[0;39m | Application run failed
org.springframework.beans.factory.BeanCreationException: Error creating bean with name 'zuulController' defined in class path resource [org/springframework/cloud/netflix/zuul/ZuulProxyAutoConfiguration.class]: Invocation of init method failed; nested exception is java.lang.IllegalStateException: WebApplicationObjectSupport instance [org.springframework.cloud.netflix.zuul.web.ZuulController@4ec0229c] does not run in a WebApplicationContext but in: org.springframework.boot.web.reactive.context.AnnotationConfigReactiveWebServerApplicationContext@618c5d94, started on Mon Jun 13 15:55:26 CST 2022, parent: org.springframework.context.annotation.AnnotationConfigApplicationContext@4d154ccd
	at org.springframework.beans.factory.support.AbstractAutowireCapableBeanFactory.initializeBean(AbstractAutowireCapableBeanFactory.java:1796)
	at org.springframework.beans.factory.support.AbstractAutowireCapableBeanFactory.doCreateBean(AbstractAutowireCapableBeanFactory.java:595)
	at org.springframework.beans.factory.support.AbstractAutowireCapableBeanFactory.createBean(AbstractAutowireCapableBeanFactory.java:517)
	at org.springframework.beans.factory.support.AbstractBeanFactory.lambda$doGetBean$0(AbstractBeanFactory.java:323)
	at org.springframework.beans.factory.support.DefaultSingletonBeanRegistry.getSingleton(DefaultSingletonBeanRegistry.java:222)
	at org.springframework.beans.factory.support.AbstractBeanFactory.doGetBean(AbstractBeanFactory.java:321)
	at org.springframework.beans.factory.support.AbstractBeanFactory.getBean(AbstractBeanFactory.java:202)
	at org.springframework.beans.factory.support.DefaultListableBeanFactory.preInstantiateSingletons(DefaultListableBeanFactory.java:879)
	at org.springframework.context.support.AbstractApplicationContext.finishBeanFactoryInitialization(AbstractApplicationContext.java:878)
	at org.springframework.context.support.AbstractApplicationContext.refresh(AbstractApplicationContext.java:550)
	at org.springframework.boot.web.reactive.context.ReactiveWebServerApplicationContext.refresh(ReactiveWebServerApplicationContext.java:66)
	at org.springframework.boot.SpringApplication.refresh(SpringApplication.java:747)
	at org.springframework.boot.SpringApplication.refreshContext(SpringApplication.java:397)
	at org.springframework.boot.SpringApplication.run(SpringApplication.java:315)
	at com.cashbookcloud.gateway.CloudGatewayApplication.main(CloudGatewayApplication.java:38)
Caused by: java.lang.IllegalStateException: WebApplicationObjectSupport instance [org.springframework.cloud.netflix.zuul.web.ZuulController@4ec0229c] does not run in a WebApplicationContext but in: org.springframework.boot.web.reactive.context.AnnotationConfigReactiveWebServerApplicationContext@618c5d94, started on Mon Jun 13 15:55:26 CST 2022, parent: org.springframework.context.annotation.AnnotationConfigApplicationContext@4d154ccd
	at org.springframework.web.context.support.WebApplicationObjectSupport.getWebApplicationContext(WebApplicationObjectSupport.java:115)
	at org.springframework.web.context.support.WebApplicationObjectSupport.getServletContext(WebApplicationObjectSupport.java:134)
	at org.springframework.web.servlet.mvc.ServletWrappingController.access$200(ServletWrappingController.java:86)
	at org.springframework.web.servlet.mvc.ServletWrappingController$DelegatingServletConfig.getServletContext(ServletWrappingController.java:199)
	at javax.servlet.GenericServlet.getServletContext(GenericServlet.java:205)
	at javax.servlet.GenericServlet.log(GenericServlet.java:300)
	at javax.servlet.GenericServlet.init(GenericServlet.java:257)
	at com.netflix.zuul.http.ZuulServlet.init(ZuulServlet.java:55)
	at org.springframework.web.servlet.mvc.ServletWrappingController.afterPropertiesSet(ServletWrappingController.java:153)
	at org.springframework.beans.factory.support.AbstractAutowireCapableBeanFactory.invokeInitMethods(AbstractAutowireCapableBeanFactory.java:1855)
	at org.springframework.beans.factory.support.AbstractAutowireCapableBeanFactory.initializeBean(AbstractAutowireCapableBeanFactory.java:1792)
	... 14 common frames omitted
2022-06-13 16:02:11 | [1;31mERROR[0;39m | [1;33mmain[0;39m | [1;32morg.springframework.boot.SpringApplication[0;39m | Application run failed
org.springframework.beans.factory.BeanCreationException: Error creating bean with name 'zuulController' defined in class path resource [org/springframework/cloud/netflix/zuul/ZuulProxyAutoConfiguration.class]: Invocation of init method failed; nested exception is java.lang.IllegalStateException: WebApplicationObjectSupport instance [org.springframework.cloud.netflix.zuul.web.ZuulController@2558f65c] does not run in a WebApplicationContext but in: org.springframework.boot.web.reactive.context.AnnotationConfigReactiveWebServerApplicationContext@6f2cb653, started on Mon Jun 13 16:02:05 CST 2022, parent: org.springframework.context.annotation.AnnotationConfigApplicationContext@771a660
	at org.springframework.beans.factory.support.AbstractAutowireCapableBeanFactory.initializeBean(AbstractAutowireCapableBeanFactory.java:1796)
	at org.springframework.beans.factory.support.AbstractAutowireCapableBeanFactory.doCreateBean(AbstractAutowireCapableBeanFactory.java:595)
	at org.springframework.beans.factory.support.AbstractAutowireCapableBeanFactory.createBean(AbstractAutowireCapableBeanFactory.java:517)
	at org.springframework.beans.factory.support.AbstractBeanFactory.lambda$doGetBean$0(AbstractBeanFactory.java:323)
	at org.springframework.beans.factory.support.DefaultSingletonBeanRegistry.getSingleton(DefaultSingletonBeanRegistry.java:222)
	at org.springframework.beans.factory.support.AbstractBeanFactory.doGetBean(AbstractBeanFactory.java:321)
	at org.springframework.beans.factory.support.AbstractBeanFactory.getBean(AbstractBeanFactory.java:202)
	at org.springframework.beans.factory.support.DefaultListableBeanFactory.preInstantiateSingletons(DefaultListableBeanFactory.java:879)
	at org.springframework.context.support.AbstractApplicationContext.finishBeanFactoryInitialization(AbstractApplicationContext.java:878)
	at org.springframework.context.support.AbstractApplicationContext.refresh(AbstractApplicationContext.java:550)
	at org.springframework.boot.web.reactive.context.ReactiveWebServerApplicationContext.refresh(ReactiveWebServerApplicationContext.java:66)
	at org.springframework.boot.SpringApplication.refresh(SpringApplication.java:747)
	at org.springframework.boot.SpringApplication.refreshContext(SpringApplication.java:397)
	at org.springframework.boot.SpringApplication.run(SpringApplication.java:315)
	at com.cashbookcloud.gateway.CloudGatewayApplication.main(CloudGatewayApplication.java:38)
Caused by: java.lang.IllegalStateException: WebApplicationObjectSupport instance [org.springframework.cloud.netflix.zuul.web.ZuulController@2558f65c] does not run in a WebApplicationContext but in: org.springframework.boot.web.reactive.context.AnnotationConfigReactiveWebServerApplicationContext@6f2cb653, started on Mon Jun 13 16:02:05 CST 2022, parent: org.springframework.context.annotation.AnnotationConfigApplicationContext@771a660
	at org.springframework.web.context.support.WebApplicationObjectSupport.getWebApplicationContext(WebApplicationObjectSupport.java:115)
	at org.springframework.web.context.support.WebApplicationObjectSupport.getServletContext(WebApplicationObjectSupport.java:134)
	at org.springframework.web.servlet.mvc.ServletWrappingController.access$200(ServletWrappingController.java:86)
	at org.springframework.web.servlet.mvc.ServletWrappingController$DelegatingServletConfig.getServletContext(ServletWrappingController.java:199)
	at javax.servlet.GenericServlet.getServletContext(GenericServlet.java:205)
	at javax.servlet.GenericServlet.log(GenericServlet.java:300)
	at javax.servlet.GenericServlet.init(GenericServlet.java:257)
	at com.netflix.zuul.http.ZuulServlet.init(ZuulServlet.java:55)
	at org.springframework.web.servlet.mvc.ServletWrappingController.afterPropertiesSet(ServletWrappingController.java:153)
	at org.springframework.beans.factory.support.AbstractAutowireCapableBeanFactory.invokeInitMethods(AbstractAutowireCapableBeanFactory.java:1855)
	at org.springframework.beans.factory.support.AbstractAutowireCapableBeanFactory.initializeBean(AbstractAutowireCapableBeanFactory.java:1792)
	... 14 common frames omitted
2022-06-13 16:07:57 | [1;31mERROR[0;39m | [1;33mmain[0;39m | [1;32morg.springframework.boot.SpringApplication[0;39m | Application run failed
org.springframework.beans.factory.BeanCreationException: Error creating bean with name 'zuulController' defined in class path resource [org/springframework/cloud/netflix/zuul/ZuulProxyAutoConfiguration.class]: Invocation of init method failed; nested exception is java.lang.IllegalStateException: WebApplicationObjectSupport instance [org.springframework.cloud.netflix.zuul.web.ZuulController@51813065] does not run in a WebApplicationContext but in: org.springframework.boot.web.reactive.context.AnnotationConfigReactiveWebServerApplicationContext@1fcb4808, started on Mon Jun 13 16:07:52 CST 2022, parent: org.springframework.context.annotation.AnnotationConfigApplicationContext@61001b64
	at org.springframework.beans.factory.support.AbstractAutowireCapableBeanFactory.initializeBean(AbstractAutowireCapableBeanFactory.java:1796)
	at org.springframework.beans.factory.support.AbstractAutowireCapableBeanFactory.doCreateBean(AbstractAutowireCapableBeanFactory.java:595)
	at org.springframework.beans.factory.support.AbstractAutowireCapableBeanFactory.createBean(AbstractAutowireCapableBeanFactory.java:517)
	at org.springframework.beans.factory.support.AbstractBeanFactory.lambda$doGetBean$0(AbstractBeanFactory.java:323)
	at org.springframework.beans.factory.support.DefaultSingletonBeanRegistry.getSingleton(DefaultSingletonBeanRegistry.java:222)
	at org.springframework.beans.factory.support.AbstractBeanFactory.doGetBean(AbstractBeanFactory.java:321)
	at org.springframework.beans.factory.support.AbstractBeanFactory.getBean(AbstractBeanFactory.java:202)
	at org.springframework.beans.factory.support.DefaultListableBeanFactory.preInstantiateSingletons(DefaultListableBeanFactory.java:879)
	at org.springframework.context.support.AbstractApplicationContext.finishBeanFactoryInitialization(AbstractApplicationContext.java:878)
	at org.springframework.context.support.AbstractApplicationContext.refresh(AbstractApplicationContext.java:550)
	at org.springframework.boot.web.reactive.context.ReactiveWebServerApplicationContext.refresh(ReactiveWebServerApplicationContext.java:66)
	at org.springframework.boot.SpringApplication.refresh(SpringApplication.java:747)
	at org.springframework.boot.SpringApplication.refreshContext(SpringApplication.java:397)
	at org.springframework.boot.SpringApplication.run(SpringApplication.java:315)
	at com.cashbookcloud.gateway.CloudGatewayApplication.main(CloudGatewayApplication.java:38)
Caused by: java.lang.IllegalStateException: WebApplicationObjectSupport instance [org.springframework.cloud.netflix.zuul.web.ZuulController@51813065] does not run in a WebApplicationContext but in: org.springframework.boot.web.reactive.context.AnnotationConfigReactiveWebServerApplicationContext@1fcb4808, started on Mon Jun 13 16:07:52 CST 2022, parent: org.springframework.context.annotation.AnnotationConfigApplicationContext@61001b64
	at org.springframework.web.context.support.WebApplicationObjectSupport.getWebApplicationContext(WebApplicationObjectSupport.java:115)
	at org.springframework.web.context.support.WebApplicationObjectSupport.getServletContext(WebApplicationObjectSupport.java:134)
	at org.springframework.web.servlet.mvc.ServletWrappingController.access$200(ServletWrappingController.java:86)
	at org.springframework.web.servlet.mvc.ServletWrappingController$DelegatingServletConfig.getServletContext(ServletWrappingController.java:199)
	at javax.servlet.GenericServlet.getServletContext(GenericServlet.java:205)
	at javax.servlet.GenericServlet.log(GenericServlet.java:300)
	at javax.servlet.GenericServlet.init(GenericServlet.java:257)
	at com.netflix.zuul.http.ZuulServlet.init(ZuulServlet.java:55)
	at org.springframework.web.servlet.mvc.ServletWrappingController.afterPropertiesSet(ServletWrappingController.java:153)
	at org.springframework.beans.factory.support.AbstractAutowireCapableBeanFactory.invokeInitMethods(AbstractAutowireCapableBeanFactory.java:1855)
	at org.springframework.beans.factory.support.AbstractAutowireCapableBeanFactory.initializeBean(AbstractAutowireCapableBeanFactory.java:1792)
	... 14 common frames omitted
2022-06-13 16:09:09 | [1;31mERROR[0;39m | [1;33mmain[0;39m | [1;32morg.springframework.boot.SpringApplication[0;39m | Application run failed
org.springframework.beans.factory.BeanCreationException: Error creating bean with name 'zuulController' defined in class path resource [org/springframework/cloud/netflix/zuul/ZuulProxyAutoConfiguration.class]: Invocation of init method failed; nested exception is java.lang.IllegalStateException: WebApplicationObjectSupport instance [org.springframework.cloud.netflix.zuul.web.ZuulController@3fe8ad3f] does not run in a WebApplicationContext but in: org.springframework.boot.web.reactive.context.AnnotationConfigReactiveWebServerApplicationContext@37bd68c3, started on Mon Jun 13 16:09:04 CST 2022, parent: org.springframework.context.annotation.AnnotationConfigApplicationContext@1a6d8329
	at org.springframework.beans.factory.support.AbstractAutowireCapableBeanFactory.initializeBean(AbstractAutowireCapableBeanFactory.java:1796)
	at org.springframework.beans.factory.support.AbstractAutowireCapableBeanFactory.doCreateBean(AbstractAutowireCapableBeanFactory.java:595)
	at org.springframework.beans.factory.support.AbstractAutowireCapableBeanFactory.createBean(AbstractAutowireCapableBeanFactory.java:517)
	at org.springframework.beans.factory.support.AbstractBeanFactory.lambda$doGetBean$0(AbstractBeanFactory.java:323)
	at org.springframework.beans.factory.support.DefaultSingletonBeanRegistry.getSingleton(DefaultSingletonBeanRegistry.java:222)
	at org.springframework.beans.factory.support.AbstractBeanFactory.doGetBean(AbstractBeanFactory.java:321)
	at org.springframework.beans.factory.support.AbstractBeanFactory.getBean(AbstractBeanFactory.java:202)
	at org.springframework.beans.factory.support.DefaultListableBeanFactory.preInstantiateSingletons(DefaultListableBeanFactory.java:879)
	at org.springframework.context.support.AbstractApplicationContext.finishBeanFactoryInitialization(AbstractApplicationContext.java:878)
	at org.springframework.context.support.AbstractApplicationContext.refresh(AbstractApplicationContext.java:550)
	at org.springframework.boot.web.reactive.context.ReactiveWebServerApplicationContext.refresh(ReactiveWebServerApplicationContext.java:66)
	at org.springframework.boot.SpringApplication.refresh(SpringApplication.java:747)
	at org.springframework.boot.SpringApplication.refreshContext(SpringApplication.java:397)
	at org.springframework.boot.SpringApplication.run(SpringApplication.java:315)
	at com.cashbookcloud.gateway.CloudGatewayApplication.main(CloudGatewayApplication.java:38)
Caused by: java.lang.IllegalStateException: WebApplicationObjectSupport instance [org.springframework.cloud.netflix.zuul.web.ZuulController@3fe8ad3f] does not run in a WebApplicationContext but in: org.springframework.boot.web.reactive.context.AnnotationConfigReactiveWebServerApplicationContext@37bd68c3, started on Mon Jun 13 16:09:04 CST 2022, parent: org.springframework.context.annotation.AnnotationConfigApplicationContext@1a6d8329
	at org.springframework.web.context.support.WebApplicationObjectSupport.getWebApplicationContext(WebApplicationObjectSupport.java:115)
	at org.springframework.web.context.support.WebApplicationObjectSupport.getServletContext(WebApplicationObjectSupport.java:134)
	at org.springframework.web.servlet.mvc.ServletWrappingController.access$200(ServletWrappingController.java:86)
	at org.springframework.web.servlet.mvc.ServletWrappingController$DelegatingServletConfig.getServletContext(ServletWrappingController.java:199)
	at javax.servlet.GenericServlet.getServletContext(GenericServlet.java:205)
	at javax.servlet.GenericServlet.log(GenericServlet.java:300)
	at javax.servlet.GenericServlet.init(GenericServlet.java:257)
	at com.netflix.zuul.http.ZuulServlet.init(ZuulServlet.java:55)
	at org.springframework.web.servlet.mvc.ServletWrappingController.afterPropertiesSet(ServletWrappingController.java:153)
	at org.springframework.beans.factory.support.AbstractAutowireCapableBeanFactory.invokeInitMethods(AbstractAutowireCapableBeanFactory.java:1855)
	at org.springframework.beans.factory.support.AbstractAutowireCapableBeanFactory.initializeBean(AbstractAutowireCapableBeanFactory.java:1792)
	... 14 common frames omitted
2022-06-13 16:13:52 | [1;31mERROR[0;39m | [1;33mmain[0;39m | [1;32morg.springframework.boot.SpringApplication[0;39m | Application run failed
org.springframework.beans.factory.BeanCreationException: Error creating bean with name 'zuulController' defined in class path resource [org/springframework/cloud/netflix/zuul/ZuulProxyAutoConfiguration.class]: Invocation of init method failed; nested exception is java.lang.IllegalStateException: WebApplicationObjectSupport instance [org.springframework.cloud.netflix.zuul.web.ZuulController@794d28a3] does not run in a WebApplicationContext but in: org.springframework.boot.web.reactive.context.AnnotationConfigReactiveWebServerApplicationContext@30d4b288, started on Mon Jun 13 16:13:47 CST 2022, parent: org.springframework.context.annotation.AnnotationConfigApplicationContext@7db12bb6
	at org.springframework.beans.factory.support.AbstractAutowireCapableBeanFactory.initializeBean(AbstractAutowireCapableBeanFactory.java:1796)
	at org.springframework.beans.factory.support.AbstractAutowireCapableBeanFactory.doCreateBean(AbstractAutowireCapableBeanFactory.java:595)
	at org.springframework.beans.factory.support.AbstractAutowireCapableBeanFactory.createBean(AbstractAutowireCapableBeanFactory.java:517)
	at org.springframework.beans.factory.support.AbstractBeanFactory.lambda$doGetBean$0(AbstractBeanFactory.java:323)
	at org.springframework.beans.factory.support.DefaultSingletonBeanRegistry.getSingleton(DefaultSingletonBeanRegistry.java:222)
	at org.springframework.beans.factory.support.AbstractBeanFactory.doGetBean(AbstractBeanFactory.java:321)
	at org.springframework.beans.factory.support.AbstractBeanFactory.getBean(AbstractBeanFactory.java:202)
	at org.springframework.beans.factory.support.DefaultListableBeanFactory.preInstantiateSingletons(DefaultListableBeanFactory.java:879)
	at org.springframework.context.support.AbstractApplicationContext.finishBeanFactoryInitialization(AbstractApplicationContext.java:878)
	at org.springframework.context.support.AbstractApplicationContext.refresh(AbstractApplicationContext.java:550)
	at org.springframework.boot.web.reactive.context.ReactiveWebServerApplicationContext.refresh(ReactiveWebServerApplicationContext.java:66)
	at org.springframework.boot.SpringApplication.refresh(SpringApplication.java:747)
	at org.springframework.boot.SpringApplication.refreshContext(SpringApplication.java:397)
	at org.springframework.boot.SpringApplication.run(SpringApplication.java:315)
	at com.cashbookcloud.gateway.CloudGatewayApplication.main(CloudGatewayApplication.java:38)
Caused by: java.lang.IllegalStateException: WebApplicationObjectSupport instance [org.springframework.cloud.netflix.zuul.web.ZuulController@794d28a3] does not run in a WebApplicationContext but in: org.springframework.boot.web.reactive.context.AnnotationConfigReactiveWebServerApplicationContext@30d4b288, started on Mon Jun 13 16:13:47 CST 2022, parent: org.springframework.context.annotation.AnnotationConfigApplicationContext@7db12bb6
	at org.springframework.web.context.support.WebApplicationObjectSupport.getWebApplicationContext(WebApplicationObjectSupport.java:115)
	at org.springframework.web.context.support.WebApplicationObjectSupport.getServletContext(WebApplicationObjectSupport.java:134)
	at org.springframework.web.servlet.mvc.ServletWrappingController.access$200(ServletWrappingController.java:86)
	at org.springframework.web.servlet.mvc.ServletWrappingController$DelegatingServletConfig.getServletContext(ServletWrappingController.java:199)
	at javax.servlet.GenericServlet.getServletContext(GenericServlet.java:205)
	at javax.servlet.GenericServlet.log(GenericServlet.java:300)
	at javax.servlet.GenericServlet.init(GenericServlet.java:257)
	at com.netflix.zuul.http.ZuulServlet.init(ZuulServlet.java:55)
	at org.springframework.web.servlet.mvc.ServletWrappingController.afterPropertiesSet(ServletWrappingController.java:153)
	at org.springframework.beans.factory.support.AbstractAutowireCapableBeanFactory.invokeInitMethods(AbstractAutowireCapableBeanFactory.java:1855)
	at org.springframework.beans.factory.support.AbstractAutowireCapableBeanFactory.initializeBean(AbstractAutowireCapableBeanFactory.java:1792)
	... 14 common frames omitted
2022-06-13 16:16:46 | [1;31mERROR[0;39m | [1;33mmain[0;39m | [1;32morg.springframework.boot.SpringApplication[0;39m | Application run failed
org.springframework.beans.factory.BeanCreationException: Error creating bean with name 'zuulController' defined in class path resource [org/springframework/cloud/netflix/zuul/ZuulProxyAutoConfiguration.class]: Invocation of init method failed; nested exception is java.lang.IllegalStateException: WebApplicationObjectSupport instance [org.springframework.cloud.netflix.zuul.web.ZuulController@4ec0229c] does not run in a WebApplicationContext but in: org.springframework.boot.web.reactive.context.AnnotationConfigReactiveWebServerApplicationContext@285c08c8, started on Mon Jun 13 16:16:41 CST 2022, parent: org.springframework.context.annotation.AnnotationConfigApplicationContext@f09733f
	at org.springframework.beans.factory.support.AbstractAutowireCapableBeanFactory.initializeBean(AbstractAutowireCapableBeanFactory.java:1796)
	at org.springframework.beans.factory.support.AbstractAutowireCapableBeanFactory.doCreateBean(AbstractAutowireCapableBeanFactory.java:595)
	at org.springframework.beans.factory.support.AbstractAutowireCapableBeanFactory.createBean(AbstractAutowireCapableBeanFactory.java:517)
	at org.springframework.beans.factory.support.AbstractBeanFactory.lambda$doGetBean$0(AbstractBeanFactory.java:323)
	at org.springframework.beans.factory.support.DefaultSingletonBeanRegistry.getSingleton(DefaultSingletonBeanRegistry.java:222)
	at org.springframework.beans.factory.support.AbstractBeanFactory.doGetBean(AbstractBeanFactory.java:321)
	at org.springframework.beans.factory.support.AbstractBeanFactory.getBean(AbstractBeanFactory.java:202)
	at org.springframework.beans.factory.support.DefaultListableBeanFactory.preInstantiateSingletons(DefaultListableBeanFactory.java:879)
	at org.springframework.context.support.AbstractApplicationContext.finishBeanFactoryInitialization(AbstractApplicationContext.java:878)
	at org.springframework.context.support.AbstractApplicationContext.refresh(AbstractApplicationContext.java:550)
	at org.springframework.boot.web.reactive.context.ReactiveWebServerApplicationContext.refresh(ReactiveWebServerApplicationContext.java:66)
	at org.springframework.boot.SpringApplication.refresh(SpringApplication.java:747)
	at org.springframework.boot.SpringApplication.refreshContext(SpringApplication.java:397)
	at org.springframework.boot.SpringApplication.run(SpringApplication.java:315)
	at com.cashbookcloud.gateway.CloudGatewayApplication.main(CloudGatewayApplication.java:38)
Caused by: java.lang.IllegalStateException: WebApplicationObjectSupport instance [org.springframework.cloud.netflix.zuul.web.ZuulController@4ec0229c] does not run in a WebApplicationContext but in: org.springframework.boot.web.reactive.context.AnnotationConfigReactiveWebServerApplicationContext@285c08c8, started on Mon Jun 13 16:16:41 CST 2022, parent: org.springframework.context.annotation.AnnotationConfigApplicationContext@f09733f
	at org.springframework.web.context.support.WebApplicationObjectSupport.getWebApplicationContext(WebApplicationObjectSupport.java:115)
	at org.springframework.web.context.support.WebApplicationObjectSupport.getServletContext(WebApplicationObjectSupport.java:134)
	at org.springframework.web.servlet.mvc.ServletWrappingController.access$200(ServletWrappingController.java:86)
	at org.springframework.web.servlet.mvc.ServletWrappingController$DelegatingServletConfig.getServletContext(ServletWrappingController.java:199)
	at javax.servlet.GenericServlet.getServletContext(GenericServlet.java:205)
	at javax.servlet.GenericServlet.log(GenericServlet.java:300)
	at javax.servlet.GenericServlet.init(GenericServlet.java:257)
	at com.netflix.zuul.http.ZuulServlet.init(ZuulServlet.java:55)
	at org.springframework.web.servlet.mvc.ServletWrappingController.afterPropertiesSet(ServletWrappingController.java:153)
	at org.springframework.beans.factory.support.AbstractAutowireCapableBeanFactory.invokeInitMethods(AbstractAutowireCapableBeanFactory.java:1855)
	at org.springframework.beans.factory.support.AbstractAutowireCapableBeanFactory.initializeBean(AbstractAutowireCapableBeanFactory.java:1792)
	... 14 common frames omitted
2022-06-13 16:22:03 | [1;31mERROR[0;39m | [1;33mmain[0;39m | [1;32morg.springframework.boot.SpringApplication[0;39m | Application run failed
org.springframework.beans.factory.BeanCreationException: Error creating bean with name 'zuulController' defined in class path resource [org/springframework/cloud/netflix/zuul/ZuulProxyAutoConfiguration.class]: Invocation of init method failed; nested exception is java.lang.IllegalStateException: WebApplicationObjectSupport instance [org.springframework.cloud.netflix.zuul.web.ZuulController@4fbe486c] does not run in a WebApplicationContext but in: org.springframework.boot.web.reactive.context.AnnotationConfigReactiveWebServerApplicationContext@13e3c1c7, started on Mon Jun 13 16:21:57 CST 2022, parent: org.springframework.context.annotation.AnnotationConfigApplicationContext@537f60bf
	at org.springframework.beans.factory.support.AbstractAutowireCapableBeanFactory.initializeBean(AbstractAutowireCapableBeanFactory.java:1796)
	at org.springframework.beans.factory.support.AbstractAutowireCapableBeanFactory.doCreateBean(AbstractAutowireCapableBeanFactory.java:595)
	at org.springframework.beans.factory.support.AbstractAutowireCapableBeanFactory.createBean(AbstractAutowireCapableBeanFactory.java:517)
	at org.springframework.beans.factory.support.AbstractBeanFactory.lambda$doGetBean$0(AbstractBeanFactory.java:323)
	at org.springframework.beans.factory.support.DefaultSingletonBeanRegistry.getSingleton(DefaultSingletonBeanRegistry.java:222)
	at org.springframework.beans.factory.support.AbstractBeanFactory.doGetBean(AbstractBeanFactory.java:321)
	at org.springframework.beans.factory.support.AbstractBeanFactory.getBean(AbstractBeanFactory.java:202)
	at org.springframework.beans.factory.support.DefaultListableBeanFactory.preInstantiateSingletons(DefaultListableBeanFactory.java:879)
	at org.springframework.context.support.AbstractApplicationContext.finishBeanFactoryInitialization(AbstractApplicationContext.java:878)
	at org.springframework.context.support.AbstractApplicationContext.refresh(AbstractApplicationContext.java:550)
	at org.springframework.boot.web.reactive.context.ReactiveWebServerApplicationContext.refresh(ReactiveWebServerApplicationContext.java:66)
	at org.springframework.boot.SpringApplication.refresh(SpringApplication.java:747)
	at org.springframework.boot.SpringApplication.refreshContext(SpringApplication.java:397)
	at org.springframework.boot.SpringApplication.run(SpringApplication.java:315)
	at com.cashbookcloud.gateway.CloudGatewayApplication.main(CloudGatewayApplication.java:38)
Caused by: java.lang.IllegalStateException: WebApplicationObjectSupport instance [org.springframework.cloud.netflix.zuul.web.ZuulController@4fbe486c] does not run in a WebApplicationContext but in: org.springframework.boot.web.reactive.context.AnnotationConfigReactiveWebServerApplicationContext@13e3c1c7, started on Mon Jun 13 16:21:57 CST 2022, parent: org.springframework.context.annotation.AnnotationConfigApplicationContext@537f60bf
	at org.springframework.web.context.support.WebApplicationObjectSupport.getWebApplicationContext(WebApplicationObjectSupport.java:115)
	at org.springframework.web.context.support.WebApplicationObjectSupport.getServletContext(WebApplicationObjectSupport.java:134)
	at org.springframework.web.servlet.mvc.ServletWrappingController.access$200(ServletWrappingController.java:86)
	at org.springframework.web.servlet.mvc.ServletWrappingController$DelegatingServletConfig.getServletContext(ServletWrappingController.java:199)
	at javax.servlet.GenericServlet.getServletContext(GenericServlet.java:205)
	at javax.servlet.GenericServlet.log(GenericServlet.java:300)
	at javax.servlet.GenericServlet.init(GenericServlet.java:257)
	at com.netflix.zuul.http.ZuulServlet.init(ZuulServlet.java:55)
	at org.springframework.web.servlet.mvc.ServletWrappingController.afterPropertiesSet(ServletWrappingController.java:153)
	at org.springframework.beans.factory.support.AbstractAutowireCapableBeanFactory.invokeInitMethods(AbstractAutowireCapableBeanFactory.java:1855)
	at org.springframework.beans.factory.support.AbstractAutowireCapableBeanFactory.initializeBean(AbstractAutowireCapableBeanFactory.java:1792)
	... 14 common frames omitted
2022-06-13 16:33:28 | [1;31mERROR[0;39m | [1;33mmain[0;39m | [1;32morg.springframework.boot.SpringApplication[0;39m | Application run failed
org.springframework.beans.factory.BeanCreationException: Error creating bean with name 'zuulController' defined in class path resource [org/springframework/cloud/netflix/zuul/ZuulProxyAutoConfiguration.class]: Invocation of init method failed; nested exception is java.lang.IllegalStateException: WebApplicationObjectSupport instance [org.springframework.cloud.netflix.zuul.web.ZuulController@3add5e17] does not run in a WebApplicationContext but in: org.springframework.boot.web.reactive.context.AnnotationConfigReactiveWebServerApplicationContext@654d8173, started on Mon Jun 13 16:33:21 CST 2022, parent: org.springframework.context.annotation.AnnotationConfigApplicationContext@5ab956d7
	at org.springframework.beans.factory.support.AbstractAutowireCapableBeanFactory.initializeBean(AbstractAutowireCapableBeanFactory.java:1796)
	at org.springframework.beans.factory.support.AbstractAutowireCapableBeanFactory.doCreateBean(AbstractAutowireCapableBeanFactory.java:595)
	at org.springframework.beans.factory.support.AbstractAutowireCapableBeanFactory.createBean(AbstractAutowireCapableBeanFactory.java:517)
	at org.springframework.beans.factory.support.AbstractBeanFactory.lambda$doGetBean$0(AbstractBeanFactory.java:323)
	at org.springframework.beans.factory.support.DefaultSingletonBeanRegistry.getSingleton(DefaultSingletonBeanRegistry.java:222)
	at org.springframework.beans.factory.support.AbstractBeanFactory.doGetBean(AbstractBeanFactory.java:321)
	at org.springframework.beans.factory.support.AbstractBeanFactory.getBean(AbstractBeanFactory.java:202)
	at org.springframework.beans.factory.support.DefaultListableBeanFactory.preInstantiateSingletons(DefaultListableBeanFactory.java:879)
	at org.springframework.context.support.AbstractApplicationContext.finishBeanFactoryInitialization(AbstractApplicationContext.java:878)
	at org.springframework.context.support.AbstractApplicationContext.refresh(AbstractApplicationContext.java:550)
	at org.springframework.boot.web.reactive.context.ReactiveWebServerApplicationContext.refresh(ReactiveWebServerApplicationContext.java:66)
	at org.springframework.boot.SpringApplication.refresh(SpringApplication.java:747)
	at org.springframework.boot.SpringApplication.refreshContext(SpringApplication.java:397)
	at org.springframework.boot.SpringApplication.run(SpringApplication.java:315)
	at com.cashbookcloud.gateway.CloudGatewayApplication.main(CloudGatewayApplication.java:38)
Caused by: java.lang.IllegalStateException: WebApplicationObjectSupport instance [org.springframework.cloud.netflix.zuul.web.ZuulController@3add5e17] does not run in a WebApplicationContext but in: org.springframework.boot.web.reactive.context.AnnotationConfigReactiveWebServerApplicationContext@654d8173, started on Mon Jun 13 16:33:21 CST 2022, parent: org.springframework.context.annotation.AnnotationConfigApplicationContext@5ab956d7
	at org.springframework.web.context.support.WebApplicationObjectSupport.getWebApplicationContext(WebApplicationObjectSupport.java:115)
	at org.springframework.web.context.support.WebApplicationObjectSupport.getServletContext(WebApplicationObjectSupport.java:134)
	at org.springframework.web.servlet.mvc.ServletWrappingController.access$200(ServletWrappingController.java:86)
	at org.springframework.web.servlet.mvc.ServletWrappingController$DelegatingServletConfig.getServletContext(ServletWrappingController.java:199)
	at javax.servlet.GenericServlet.getServletContext(GenericServlet.java:205)
	at javax.servlet.GenericServlet.log(GenericServlet.java:300)
	at javax.servlet.GenericServlet.init(GenericServlet.java:257)
	at com.netflix.zuul.http.ZuulServlet.init(ZuulServlet.java:55)
	at org.springframework.web.servlet.mvc.ServletWrappingController.afterPropertiesSet(ServletWrappingController.java:153)
	at org.springframework.beans.factory.support.AbstractAutowireCapableBeanFactory.invokeInitMethods(AbstractAutowireCapableBeanFactory.java:1855)
	at org.springframework.beans.factory.support.AbstractAutowireCapableBeanFactory.initializeBean(AbstractAutowireCapableBeanFactory.java:1792)
	... 14 common frames omitted
2022-06-13 16:35:58 | [1;31mERROR[0;39m | [1;33mmain[0;39m | [1;32morg.springframework.boot.SpringApplication[0;39m | Application run failed
org.springframework.beans.factory.BeanCreationException: Error creating bean with name 'zuulController' defined in class path resource [org/springframework/cloud/netflix/zuul/ZuulProxyAutoConfiguration.class]: Invocation of init method failed; nested exception is java.lang.IllegalStateException: WebApplicationObjectSupport instance [org.springframework.cloud.netflix.zuul.web.ZuulController@7a3c99f1] does not run in a WebApplicationContext but in: org.springframework.boot.web.reactive.context.AnnotationConfigReactiveWebServerApplicationContext@40f1be1b, started on Mon Jun 13 16:35:52 CST 2022, parent: org.springframework.context.annotation.AnnotationConfigApplicationContext@272113c4
	at org.springframework.beans.factory.support.AbstractAutowireCapableBeanFactory.initializeBean(AbstractAutowireCapableBeanFactory.java:1796)
	at org.springframework.beans.factory.support.AbstractAutowireCapableBeanFactory.doCreateBean(AbstractAutowireCapableBeanFactory.java:595)
	at org.springframework.beans.factory.support.AbstractAutowireCapableBeanFactory.createBean(AbstractAutowireCapableBeanFactory.java:517)
	at org.springframework.beans.factory.support.AbstractBeanFactory.lambda$doGetBean$0(AbstractBeanFactory.java:323)
	at org.springframework.beans.factory.support.DefaultSingletonBeanRegistry.getSingleton(DefaultSingletonBeanRegistry.java:222)
	at org.springframework.beans.factory.support.AbstractBeanFactory.doGetBean(AbstractBeanFactory.java:321)
	at org.springframework.beans.factory.support.AbstractBeanFactory.getBean(AbstractBeanFactory.java:202)
	at org.springframework.beans.factory.support.DefaultListableBeanFactory.preInstantiateSingletons(DefaultListableBeanFactory.java:879)
	at org.springframework.context.support.AbstractApplicationContext.finishBeanFactoryInitialization(AbstractApplicationContext.java:878)
	at org.springframework.context.support.AbstractApplicationContext.refresh(AbstractApplicationContext.java:550)
	at org.springframework.boot.web.reactive.context.ReactiveWebServerApplicationContext.refresh(ReactiveWebServerApplicationContext.java:66)
	at org.springframework.boot.SpringApplication.refresh(SpringApplication.java:747)
	at org.springframework.boot.SpringApplication.refreshContext(SpringApplication.java:397)
	at org.springframework.boot.SpringApplication.run(SpringApplication.java:315)
	at com.cashbookcloud.gateway.CloudGatewayApplication.main(CloudGatewayApplication.java:38)
Caused by: java.lang.IllegalStateException: WebApplicationObjectSupport instance [org.springframework.cloud.netflix.zuul.web.ZuulController@7a3c99f1] does not run in a WebApplicationContext but in: org.springframework.boot.web.reactive.context.AnnotationConfigReactiveWebServerApplicationContext@40f1be1b, started on Mon Jun 13 16:35:52 CST 2022, parent: org.springframework.context.annotation.AnnotationConfigApplicationContext@272113c4
	at org.springframework.web.context.support.WebApplicationObjectSupport.getWebApplicationContext(WebApplicationObjectSupport.java:115)
	at org.springframework.web.context.support.WebApplicationObjectSupport.getServletContext(WebApplicationObjectSupport.java:134)
	at org.springframework.web.servlet.mvc.ServletWrappingController.access$200(ServletWrappingController.java:86)
	at org.springframework.web.servlet.mvc.ServletWrappingController$DelegatingServletConfig.getServletContext(ServletWrappingController.java:199)
	at javax.servlet.GenericServlet.getServletContext(GenericServlet.java:205)
	at javax.servlet.GenericServlet.log(GenericServlet.java:300)
	at javax.servlet.GenericServlet.init(GenericServlet.java:257)
	at com.netflix.zuul.http.ZuulServlet.init(ZuulServlet.java:55)
	at org.springframework.web.servlet.mvc.ServletWrappingController.afterPropertiesSet(ServletWrappingController.java:153)
	at org.springframework.beans.factory.support.AbstractAutowireCapableBeanFactory.invokeInitMethods(AbstractAutowireCapableBeanFactory.java:1855)
	at org.springframework.beans.factory.support.AbstractAutowireCapableBeanFactory.initializeBean(AbstractAutowireCapableBeanFactory.java:1792)
	... 14 common frames omitted
2022-06-13 16:49:04 | [1;31mERROR[0;39m | [1;33mmain[0;39m | [1;32morg.springframework.boot.SpringApplication[0;39m | Application run failed
org.springframework.beans.factory.BeanCreationException: Error creating bean with name 'zuulController' defined in class path resource [org/springframework/cloud/netflix/zuul/ZuulProxyAutoConfiguration.class]: Invocation of init method failed; nested exception is java.lang.IllegalStateException: WebApplicationObjectSupport instance [org.springframework.cloud.netflix.zuul.web.ZuulController@6b030101] does not run in a WebApplicationContext but in: org.springframework.boot.web.reactive.context.AnnotationConfigReactiveWebServerApplicationContext@19fb8826, started on Mon Jun 13 16:48:58 CST 2022, parent: org.springframework.context.annotation.AnnotationConfigApplicationContext@60bd273d
	at org.springframework.beans.factory.support.AbstractAutowireCapableBeanFactory.initializeBean(AbstractAutowireCapableBeanFactory.java:1796)
	at org.springframework.beans.factory.support.AbstractAutowireCapableBeanFactory.doCreateBean(AbstractAutowireCapableBeanFactory.java:595)
	at org.springframework.beans.factory.support.AbstractAutowireCapableBeanFactory.createBean(AbstractAutowireCapableBeanFactory.java:517)
	at org.springframework.beans.factory.support.AbstractBeanFactory.lambda$doGetBean$0(AbstractBeanFactory.java:323)
	at org.springframework.beans.factory.support.DefaultSingletonBeanRegistry.getSingleton(DefaultSingletonBeanRegistry.java:222)
	at org.springframework.beans.factory.support.AbstractBeanFactory.doGetBean(AbstractBeanFactory.java:321)
	at org.springframework.beans.factory.support.AbstractBeanFactory.getBean(AbstractBeanFactory.java:202)
	at org.springframework.beans.factory.support.DefaultListableBeanFactory.preInstantiateSingletons(DefaultListableBeanFactory.java:879)
	at org.springframework.context.support.AbstractApplicationContext.finishBeanFactoryInitialization(AbstractApplicationContext.java:878)
	at org.springframework.context.support.AbstractApplicationContext.refresh(AbstractApplicationContext.java:550)
	at org.springframework.boot.web.reactive.context.ReactiveWebServerApplicationContext.refresh(ReactiveWebServerApplicationContext.java:66)
	at org.springframework.boot.SpringApplication.refresh(SpringApplication.java:747)
	at org.springframework.boot.SpringApplication.refreshContext(SpringApplication.java:397)
	at org.springframework.boot.SpringApplication.run(SpringApplication.java:315)
	at com.cashbookcloud.gateway.CloudGatewayApplication.main(CloudGatewayApplication.java:38)
Caused by: java.lang.IllegalStateException: WebApplicationObjectSupport instance [org.springframework.cloud.netflix.zuul.web.ZuulController@6b030101] does not run in a WebApplicationContext but in: org.springframework.boot.web.reactive.context.AnnotationConfigReactiveWebServerApplicationContext@19fb8826, started on Mon Jun 13 16:48:58 CST 2022, parent: org.springframework.context.annotation.AnnotationConfigApplicationContext@60bd273d
	at org.springframework.web.context.support.WebApplicationObjectSupport.getWebApplicationContext(WebApplicationObjectSupport.java:115)
	at org.springframework.web.context.support.WebApplicationObjectSupport.getServletContext(WebApplicationObjectSupport.java:134)
	at org.springframework.web.servlet.mvc.ServletWrappingController.access$200(ServletWrappingController.java:86)
	at org.springframework.web.servlet.mvc.ServletWrappingController$DelegatingServletConfig.getServletContext(ServletWrappingController.java:199)
	at javax.servlet.GenericServlet.getServletContext(GenericServlet.java:205)
	at javax.servlet.GenericServlet.log(GenericServlet.java:300)
	at javax.servlet.GenericServlet.init(GenericServlet.java:257)
	at com.netflix.zuul.http.ZuulServlet.init(ZuulServlet.java:55)
	at org.springframework.web.servlet.mvc.ServletWrappingController.afterPropertiesSet(ServletWrappingController.java:153)
	at org.springframework.beans.factory.support.AbstractAutowireCapableBeanFactory.invokeInitMethods(AbstractAutowireCapableBeanFactory.java:1855)
	at org.springframework.beans.factory.support.AbstractAutowireCapableBeanFactory.initializeBean(AbstractAutowireCapableBeanFactory.java:1792)
	... 14 common frames omitted
2022-06-13 16:51:26 | [1;31mERROR[0;39m | [1;33mmain[0;39m | [1;32morg.springframework.boot.SpringApplication[0;39m | Application run failed
org.springframework.beans.factory.BeanCreationException: Error creating bean with name 'zuulController' defined in class path resource [org/springframework/cloud/netflix/zuul/ZuulProxyAutoConfiguration.class]: Invocation of init method failed; nested exception is java.lang.IllegalStateException: WebApplicationObjectSupport instance [org.springframework.cloud.netflix.zuul.web.ZuulController@2fd4312a] does not run in a WebApplicationContext but in: org.springframework.boot.web.reactive.context.AnnotationConfigReactiveWebServerApplicationContext@5827af16, started on Mon Jun 13 16:51:21 CST 2022, parent: org.springframework.context.annotation.AnnotationConfigApplicationContext@2892d68
	at org.springframework.beans.factory.support.AbstractAutowireCapableBeanFactory.initializeBean(AbstractAutowireCapableBeanFactory.java:1796)
	at org.springframework.beans.factory.support.AbstractAutowireCapableBeanFactory.doCreateBean(AbstractAutowireCapableBeanFactory.java:595)
	at org.springframework.beans.factory.support.AbstractAutowireCapableBeanFactory.createBean(AbstractAutowireCapableBeanFactory.java:517)
	at org.springframework.beans.factory.support.AbstractBeanFactory.lambda$doGetBean$0(AbstractBeanFactory.java:323)
	at org.springframework.beans.factory.support.DefaultSingletonBeanRegistry.getSingleton(DefaultSingletonBeanRegistry.java:222)
	at org.springframework.beans.factory.support.AbstractBeanFactory.doGetBean(AbstractBeanFactory.java:321)
	at org.springframework.beans.factory.support.AbstractBeanFactory.getBean(AbstractBeanFactory.java:202)
	at org.springframework.beans.factory.support.DefaultListableBeanFactory.preInstantiateSingletons(DefaultListableBeanFactory.java:879)
	at org.springframework.context.support.AbstractApplicationContext.finishBeanFactoryInitialization(AbstractApplicationContext.java:878)
	at org.springframework.context.support.AbstractApplicationContext.refresh(AbstractApplicationContext.java:550)
	at org.springframework.boot.web.reactive.context.ReactiveWebServerApplicationContext.refresh(ReactiveWebServerApplicationContext.java:66)
	at org.springframework.boot.SpringApplication.refresh(SpringApplication.java:747)
	at org.springframework.boot.SpringApplication.refreshContext(SpringApplication.java:397)
	at org.springframework.boot.SpringApplication.run(SpringApplication.java:315)
	at com.cashbookcloud.gateway.CloudGatewayApplication.main(CloudGatewayApplication.java:38)
Caused by: java.lang.IllegalStateException: WebApplicationObjectSupport instance [org.springframework.cloud.netflix.zuul.web.ZuulController@2fd4312a] does not run in a WebApplicationContext but in: org.springframework.boot.web.reactive.context.AnnotationConfigReactiveWebServerApplicationContext@5827af16, started on Mon Jun 13 16:51:21 CST 2022, parent: org.springframework.context.annotation.AnnotationConfigApplicationContext@2892d68
	at org.springframework.web.context.support.WebApplicationObjectSupport.getWebApplicationContext(WebApplicationObjectSupport.java:115)
	at org.springframework.web.context.support.WebApplicationObjectSupport.getServletContext(WebApplicationObjectSupport.java:134)
	at org.springframework.web.servlet.mvc.ServletWrappingController.access$200(ServletWrappingController.java:86)
	at org.springframework.web.servlet.mvc.ServletWrappingController$DelegatingServletConfig.getServletContext(ServletWrappingController.java:199)
	at javax.servlet.GenericServlet.getServletContext(GenericServlet.java:205)
	at javax.servlet.GenericServlet.log(GenericServlet.java:300)
	at javax.servlet.GenericServlet.init(GenericServlet.java:257)
	at com.netflix.zuul.http.ZuulServlet.init(ZuulServlet.java:55)
	at org.springframework.web.servlet.mvc.ServletWrappingController.afterPropertiesSet(ServletWrappingController.java:153)
	at org.springframework.beans.factory.support.AbstractAutowireCapableBeanFactory.invokeInitMethods(AbstractAutowireCapableBeanFactory.java:1855)
	at org.springframework.beans.factory.support.AbstractAutowireCapableBeanFactory.initializeBean(AbstractAutowireCapableBeanFactory.java:1792)
	... 14 common frames omitted
2022-06-13 18:10:09 | [1;31mERROR[0;39m | [1;33mmain[0;39m | [1;32morg.springframework.boot.SpringApplication[0;39m | Application run failed
org.springframework.beans.factory.BeanCreationException: Error creating bean with name 'zuulController' defined in class path resource [org/springframework/cloud/netflix/zuul/ZuulProxyAutoConfiguration.class]: Invocation of init method failed; nested exception is java.lang.IllegalStateException: WebApplicationObjectSupport instance [org.springframework.cloud.netflix.zuul.web.ZuulController@30fa8a6b] does not run in a WebApplicationContext but in: org.springframework.boot.web.reactive.context.AnnotationConfigReactiveWebServerApplicationContext@5b40ceb, started on Mon Jun 13 18:10:03 CST 2022, parent: org.springframework.context.annotation.AnnotationConfigApplicationContext@229c6181
	at org.springframework.beans.factory.support.AbstractAutowireCapableBeanFactory.initializeBean(AbstractAutowireCapableBeanFactory.java:1796)
	at org.springframework.beans.factory.support.AbstractAutowireCapableBeanFactory.doCreateBean(AbstractAutowireCapableBeanFactory.java:595)
	at org.springframework.beans.factory.support.AbstractAutowireCapableBeanFactory.createBean(AbstractAutowireCapableBeanFactory.java:517)
	at org.springframework.beans.factory.support.AbstractBeanFactory.lambda$doGetBean$0(AbstractBeanFactory.java:323)
	at org.springframework.beans.factory.support.DefaultSingletonBeanRegistry.getSingleton(DefaultSingletonBeanRegistry.java:222)
	at org.springframework.beans.factory.support.AbstractBeanFactory.doGetBean(AbstractBeanFactory.java:321)
	at org.springframework.beans.factory.support.AbstractBeanFactory.getBean(AbstractBeanFactory.java:202)
	at org.springframework.beans.factory.support.DefaultListableBeanFactory.preInstantiateSingletons(DefaultListableBeanFactory.java:879)
	at org.springframework.context.support.AbstractApplicationContext.finishBeanFactoryInitialization(AbstractApplicationContext.java:878)
	at org.springframework.context.support.AbstractApplicationContext.refresh(AbstractApplicationContext.java:550)
	at org.springframework.boot.web.reactive.context.ReactiveWebServerApplicationContext.refresh(ReactiveWebServerApplicationContext.java:66)
	at org.springframework.boot.SpringApplication.refresh(SpringApplication.java:747)
	at org.springframework.boot.SpringApplication.refreshContext(SpringApplication.java:397)
	at org.springframework.boot.SpringApplication.run(SpringApplication.java:315)
	at com.cashbookcloud.gateway.CloudGatewayApplication.main(CloudGatewayApplication.java:38)
Caused by: java.lang.IllegalStateException: WebApplicationObjectSupport instance [org.springframework.cloud.netflix.zuul.web.ZuulController@30fa8a6b] does not run in a WebApplicationContext but in: org.springframework.boot.web.reactive.context.AnnotationConfigReactiveWebServerApplicationContext@5b40ceb, started on Mon Jun 13 18:10:03 CST 2022, parent: org.springframework.context.annotation.AnnotationConfigApplicationContext@229c6181
	at org.springframework.web.context.support.WebApplicationObjectSupport.getWebApplicationContext(WebApplicationObjectSupport.java:115)
	at org.springframework.web.context.support.WebApplicationObjectSupport.getServletContext(WebApplicationObjectSupport.java:134)
	at org.springframework.web.servlet.mvc.ServletWrappingController.access$200(ServletWrappingController.java:86)
	at org.springframework.web.servlet.mvc.ServletWrappingController$DelegatingServletConfig.getServletContext(ServletWrappingController.java:199)
	at javax.servlet.GenericServlet.getServletContext(GenericServlet.java:205)
	at javax.servlet.GenericServlet.log(GenericServlet.java:300)
	at javax.servlet.GenericServlet.init(GenericServlet.java:257)
	at com.netflix.zuul.http.ZuulServlet.init(ZuulServlet.java:55)
	at org.springframework.web.servlet.mvc.ServletWrappingController.afterPropertiesSet(ServletWrappingController.java:153)
	at org.springframework.beans.factory.support.AbstractAutowireCapableBeanFactory.invokeInitMethods(AbstractAutowireCapableBeanFactory.java:1855)
	at org.springframework.beans.factory.support.AbstractAutowireCapableBeanFactory.initializeBean(AbstractAutowireCapableBeanFactory.java:1792)
	... 14 common frames omitted
2022-06-13 18:11:50 | [1;31mERROR[0;39m | [1;33mmain[0;39m | [1;32morg.springframework.boot.SpringApplication[0;39m | Application run failed
org.springframework.beans.factory.BeanCreationException: Error creating bean with name 'zuulController' defined in class path resource [org/springframework/cloud/netflix/zuul/ZuulProxyAutoConfiguration.class]: Invocation of init method failed; nested exception is java.lang.IllegalStateException: WebApplicationObjectSupport instance [org.springframework.cloud.netflix.zuul.web.ZuulController@7ba1cdbe] does not run in a WebApplicationContext but in: org.springframework.boot.web.reactive.context.AnnotationConfigReactiveWebServerApplicationContext@5316e95f, started on Mon Jun 13 18:11:45 CST 2022, parent: org.springframework.context.annotation.AnnotationConfigApplicationContext@5677323c
	at org.springframework.beans.factory.support.AbstractAutowireCapableBeanFactory.initializeBean(AbstractAutowireCapableBeanFactory.java:1796)
	at org.springframework.beans.factory.support.AbstractAutowireCapableBeanFactory.doCreateBean(AbstractAutowireCapableBeanFactory.java:595)
	at org.springframework.beans.factory.support.AbstractAutowireCapableBeanFactory.createBean(AbstractAutowireCapableBeanFactory.java:517)
	at org.springframework.beans.factory.support.AbstractBeanFactory.lambda$doGetBean$0(AbstractBeanFactory.java:323)
	at org.springframework.beans.factory.support.DefaultSingletonBeanRegistry.getSingleton(DefaultSingletonBeanRegistry.java:222)
	at org.springframework.beans.factory.support.AbstractBeanFactory.doGetBean(AbstractBeanFactory.java:321)
	at org.springframework.beans.factory.support.AbstractBeanFactory.getBean(AbstractBeanFactory.java:202)
	at org.springframework.beans.factory.support.DefaultListableBeanFactory.preInstantiateSingletons(DefaultListableBeanFactory.java:879)
	at org.springframework.context.support.AbstractApplicationContext.finishBeanFactoryInitialization(AbstractApplicationContext.java:878)
	at org.springframework.context.support.AbstractApplicationContext.refresh(AbstractApplicationContext.java:550)
	at org.springframework.boot.web.reactive.context.ReactiveWebServerApplicationContext.refresh(ReactiveWebServerApplicationContext.java:66)
	at org.springframework.boot.SpringApplication.refresh(SpringApplication.java:747)
	at org.springframework.boot.SpringApplication.refreshContext(SpringApplication.java:397)
	at org.springframework.boot.SpringApplication.run(SpringApplication.java:315)
	at com.cashbookcloud.gateway.CloudGatewayApplication.main(CloudGatewayApplication.java:38)
Caused by: java.lang.IllegalStateException: WebApplicationObjectSupport instance [org.springframework.cloud.netflix.zuul.web.ZuulController@7ba1cdbe] does not run in a WebApplicationContext but in: org.springframework.boot.web.reactive.context.AnnotationConfigReactiveWebServerApplicationContext@5316e95f, started on Mon Jun 13 18:11:45 CST 2022, parent: org.springframework.context.annotation.AnnotationConfigApplicationContext@5677323c
	at org.springframework.web.context.support.WebApplicationObjectSupport.getWebApplicationContext(WebApplicationObjectSupport.java:115)
	at org.springframework.web.context.support.WebApplicationObjectSupport.getServletContext(WebApplicationObjectSupport.java:134)
	at org.springframework.web.servlet.mvc.ServletWrappingController.access$200(ServletWrappingController.java:86)
	at org.springframework.web.servlet.mvc.ServletWrappingController$DelegatingServletConfig.getServletContext(ServletWrappingController.java:199)
	at javax.servlet.GenericServlet.getServletContext(GenericServlet.java:205)
	at javax.servlet.GenericServlet.log(GenericServlet.java:300)
	at javax.servlet.GenericServlet.init(GenericServlet.java:257)
	at com.netflix.zuul.http.ZuulServlet.init(ZuulServlet.java:55)
	at org.springframework.web.servlet.mvc.ServletWrappingController.afterPropertiesSet(ServletWrappingController.java:153)
	at org.springframework.beans.factory.support.AbstractAutowireCapableBeanFactory.invokeInitMethods(AbstractAutowireCapableBeanFactory.java:1855)
	at org.springframework.beans.factory.support.AbstractAutowireCapableBeanFactory.initializeBean(AbstractAutowireCapableBeanFactory.java:1792)
	... 14 common frames omitted
2022-06-13 18:15:05 | [1;31mERROR[0;39m | [1;33mmain[0;39m | [1;32morg.springframework.boot.SpringApplication[0;39m | Application run failed
org.springframework.beans.factory.BeanCreationException: Error creating bean with name 'zuulController' defined in class path resource [org/springframework/cloud/netflix/zuul/ZuulProxyAutoConfiguration.class]: Invocation of init method failed; nested exception is java.lang.IllegalStateException: WebApplicationObjectSupport instance [org.springframework.cloud.netflix.zuul.web.ZuulController@6febec41] does not run in a WebApplicationContext but in: org.springframework.boot.web.reactive.context.AnnotationConfigReactiveWebServerApplicationContext@3f053c80, started on Mon Jun 13 18:15:00 CST 2022, parent: org.springframework.context.annotation.AnnotationConfigApplicationContext@18df8434
	at org.springframework.beans.factory.support.AbstractAutowireCapableBeanFactory.initializeBean(AbstractAutowireCapableBeanFactory.java:1796)
	at org.springframework.beans.factory.support.AbstractAutowireCapableBeanFactory.doCreateBean(AbstractAutowireCapableBeanFactory.java:595)
	at org.springframework.beans.factory.support.AbstractAutowireCapableBeanFactory.createBean(AbstractAutowireCapableBeanFactory.java:517)
	at org.springframework.beans.factory.support.AbstractBeanFactory.lambda$doGetBean$0(AbstractBeanFactory.java:323)
	at org.springframework.beans.factory.support.DefaultSingletonBeanRegistry.getSingleton(DefaultSingletonBeanRegistry.java:222)
	at org.springframework.beans.factory.support.AbstractBeanFactory.doGetBean(AbstractBeanFactory.java:321)
	at org.springframework.beans.factory.support.AbstractBeanFactory.getBean(AbstractBeanFactory.java:202)
	at org.springframework.beans.factory.support.DefaultListableBeanFactory.preInstantiateSingletons(DefaultListableBeanFactory.java:879)
	at org.springframework.context.support.AbstractApplicationContext.finishBeanFactoryInitialization(AbstractApplicationContext.java:878)
	at org.springframework.context.support.AbstractApplicationContext.refresh(AbstractApplicationContext.java:550)
	at org.springframework.boot.web.reactive.context.ReactiveWebServerApplicationContext.refresh(ReactiveWebServerApplicationContext.java:66)
	at org.springframework.boot.SpringApplication.refresh(SpringApplication.java:747)
	at org.springframework.boot.SpringApplication.refreshContext(SpringApplication.java:397)
	at org.springframework.boot.SpringApplication.run(SpringApplication.java:315)
	at com.cashbookcloud.gateway.CloudGatewayApplication.main(CloudGatewayApplication.java:38)
Caused by: java.lang.IllegalStateException: WebApplicationObjectSupport instance [org.springframework.cloud.netflix.zuul.web.ZuulController@6febec41] does not run in a WebApplicationContext but in: org.springframework.boot.web.reactive.context.AnnotationConfigReactiveWebServerApplicationContext@3f053c80, started on Mon Jun 13 18:15:00 CST 2022, parent: org.springframework.context.annotation.AnnotationConfigApplicationContext@18df8434
	at org.springframework.web.context.support.WebApplicationObjectSupport.getWebApplicationContext(WebApplicationObjectSupport.java:115)
	at org.springframework.web.context.support.WebApplicationObjectSupport.getServletContext(WebApplicationObjectSupport.java:134)
	at org.springframework.web.servlet.mvc.ServletWrappingController.access$200(ServletWrappingController.java:86)
	at org.springframework.web.servlet.mvc.ServletWrappingController$DelegatingServletConfig.getServletContext(ServletWrappingController.java:199)
	at javax.servlet.GenericServlet.getServletContext(GenericServlet.java:205)
	at javax.servlet.GenericServlet.log(GenericServlet.java:300)
	at javax.servlet.GenericServlet.init(GenericServlet.java:257)
	at com.netflix.zuul.http.ZuulServlet.init(ZuulServlet.java:55)
	at org.springframework.web.servlet.mvc.ServletWrappingController.afterPropertiesSet(ServletWrappingController.java:153)
	at org.springframework.beans.factory.support.AbstractAutowireCapableBeanFactory.invokeInitMethods(AbstractAutowireCapableBeanFactory.java:1855)
	at org.springframework.beans.factory.support.AbstractAutowireCapableBeanFactory.initializeBean(AbstractAutowireCapableBeanFactory.java:1792)
	... 14 common frames omitted
2022-06-13 18:18:55 | [1;31mERROR[0;39m | [1;33mmain[0;39m | [1;32morg.springframework.boot.SpringApplication[0;39m | Application run failed
org.springframework.beans.factory.BeanCreationException: Error creating bean with name 'zuulController' defined in class path resource [org/springframework/cloud/netflix/zuul/ZuulProxyAutoConfiguration.class]: Invocation of init method failed; nested exception is java.lang.IllegalStateException: WebApplicationObjectSupport instance [org.springframework.cloud.netflix.zuul.web.ZuulController@4f6fd101] does not run in a WebApplicationContext but in: org.springframework.boot.web.reactive.context.AnnotationConfigReactiveWebServerApplicationContext@19fb8826, started on Mon Jun 13 18:18:49 CST 2022, parent: org.springframework.context.annotation.AnnotationConfigApplicationContext@60bd273d
	at org.springframework.beans.factory.support.AbstractAutowireCapableBeanFactory.initializeBean(AbstractAutowireCapableBeanFactory.java:1796)
	at org.springframework.beans.factory.support.AbstractAutowireCapableBeanFactory.doCreateBean(AbstractAutowireCapableBeanFactory.java:595)
	at org.springframework.beans.factory.support.AbstractAutowireCapableBeanFactory.createBean(AbstractAutowireCapableBeanFactory.java:517)
	at org.springframework.beans.factory.support.AbstractBeanFactory.lambda$doGetBean$0(AbstractBeanFactory.java:323)
	at org.springframework.beans.factory.support.DefaultSingletonBeanRegistry.getSingleton(DefaultSingletonBeanRegistry.java:222)
	at org.springframework.beans.factory.support.AbstractBeanFactory.doGetBean(AbstractBeanFactory.java:321)
	at org.springframework.beans.factory.support.AbstractBeanFactory.getBean(AbstractBeanFactory.java:202)
	at org.springframework.beans.factory.support.DefaultListableBeanFactory.preInstantiateSingletons(DefaultListableBeanFactory.java:879)
	at org.springframework.context.support.AbstractApplicationContext.finishBeanFactoryInitialization(AbstractApplicationContext.java:878)
	at org.springframework.context.support.AbstractApplicationContext.refresh(AbstractApplicationContext.java:550)
	at org.springframework.boot.web.reactive.context.ReactiveWebServerApplicationContext.refresh(ReactiveWebServerApplicationContext.java:66)
	at org.springframework.boot.SpringApplication.refresh(SpringApplication.java:747)
	at org.springframework.boot.SpringApplication.refreshContext(SpringApplication.java:397)
	at org.springframework.boot.SpringApplication.run(SpringApplication.java:315)
	at com.cashbookcloud.gateway.CloudGatewayApplication.main(CloudGatewayApplication.java:38)
Caused by: java.lang.IllegalStateException: WebApplicationObjectSupport instance [org.springframework.cloud.netflix.zuul.web.ZuulController@4f6fd101] does not run in a WebApplicationContext but in: org.springframework.boot.web.reactive.context.AnnotationConfigReactiveWebServerApplicationContext@19fb8826, started on Mon Jun 13 18:18:49 CST 2022, parent: org.springframework.context.annotation.AnnotationConfigApplicationContext@60bd273d
	at org.springframework.web.context.support.WebApplicationObjectSupport.getWebApplicationContext(WebApplicationObjectSupport.java:115)
	at org.springframework.web.context.support.WebApplicationObjectSupport.getServletContext(WebApplicationObjectSupport.java:134)
	at org.springframework.web.servlet.mvc.ServletWrappingController.access$200(ServletWrappingController.java:86)
	at org.springframework.web.servlet.mvc.ServletWrappingController$DelegatingServletConfig.getServletContext(ServletWrappingController.java:199)
	at javax.servlet.GenericServlet.getServletContext(GenericServlet.java:205)
	at javax.servlet.GenericServlet.log(GenericServlet.java:300)
	at javax.servlet.GenericServlet.init(GenericServlet.java:257)
	at com.netflix.zuul.http.ZuulServlet.init(ZuulServlet.java:55)
	at org.springframework.web.servlet.mvc.ServletWrappingController.afterPropertiesSet(ServletWrappingController.java:153)
	at org.springframework.beans.factory.support.AbstractAutowireCapableBeanFactory.invokeInitMethods(AbstractAutowireCapableBeanFactory.java:1855)
	at org.springframework.beans.factory.support.AbstractAutowireCapableBeanFactory.initializeBean(AbstractAutowireCapableBeanFactory.java:1792)
	... 14 common frames omitted
2022-06-13 18:26:59 | [1;31mERROR[0;39m | [1;33mmain[0;39m | [1;32morg.springframework.boot.SpringApplication[0;39m | Application run failed
org.springframework.beans.factory.BeanCreationException: Error creating bean with name 'zuulController' defined in class path resource [org/springframework/cloud/netflix/zuul/ZuulProxyAutoConfiguration.class]: Invocation of init method failed; nested exception is java.lang.IllegalStateException: WebApplicationObjectSupport instance [org.springframework.cloud.netflix.zuul.web.ZuulController@40017e98] does not run in a WebApplicationContext but in: org.springframework.boot.web.reactive.context.AnnotationConfigReactiveWebServerApplicationContext@12bfd80d, started on Mon Jun 13 18:26:53 CST 2022, parent: org.springframework.context.annotation.AnnotationConfigApplicationContext@7b36aa0c
	at org.springframework.beans.factory.support.AbstractAutowireCapableBeanFactory.initializeBean(AbstractAutowireCapableBeanFactory.java:1796)
	at org.springframework.beans.factory.support.AbstractAutowireCapableBeanFactory.doCreateBean(AbstractAutowireCapableBeanFactory.java:595)
	at org.springframework.beans.factory.support.AbstractAutowireCapableBeanFactory.createBean(AbstractAutowireCapableBeanFactory.java:517)
	at org.springframework.beans.factory.support.AbstractBeanFactory.lambda$doGetBean$0(AbstractBeanFactory.java:323)
	at org.springframework.beans.factory.support.DefaultSingletonBeanRegistry.getSingleton(DefaultSingletonBeanRegistry.java:222)
	at org.springframework.beans.factory.support.AbstractBeanFactory.doGetBean(AbstractBeanFactory.java:321)
	at org.springframework.beans.factory.support.AbstractBeanFactory.getBean(AbstractBeanFactory.java:202)
	at org.springframework.beans.factory.support.DefaultListableBeanFactory.preInstantiateSingletons(DefaultListableBeanFactory.java:879)
	at org.springframework.context.support.AbstractApplicationContext.finishBeanFactoryInitialization(AbstractApplicationContext.java:878)
	at org.springframework.context.support.AbstractApplicationContext.refresh(AbstractApplicationContext.java:550)
	at org.springframework.boot.web.reactive.context.ReactiveWebServerApplicationContext.refresh(ReactiveWebServerApplicationContext.java:66)
	at org.springframework.boot.SpringApplication.refresh(SpringApplication.java:747)
	at org.springframework.boot.SpringApplication.refreshContext(SpringApplication.java:397)
	at org.springframework.boot.SpringApplication.run(SpringApplication.java:315)
	at com.cashbookcloud.gateway.CloudGatewayApplication.main(CloudGatewayApplication.java:38)
Caused by: java.lang.IllegalStateException: WebApplicationObjectSupport instance [org.springframework.cloud.netflix.zuul.web.ZuulController@40017e98] does not run in a WebApplicationContext but in: org.springframework.boot.web.reactive.context.AnnotationConfigReactiveWebServerApplicationContext@12bfd80d, started on Mon Jun 13 18:26:53 CST 2022, parent: org.springframework.context.annotation.AnnotationConfigApplicationContext@7b36aa0c
	at org.springframework.web.context.support.WebApplicationObjectSupport.getWebApplicationContext(WebApplicationObjectSupport.java:115)
	at org.springframework.web.context.support.WebApplicationObjectSupport.getServletContext(WebApplicationObjectSupport.java:134)
	at org.springframework.web.servlet.mvc.ServletWrappingController.access$200(ServletWrappingController.java:86)
	at org.springframework.web.servlet.mvc.ServletWrappingController$DelegatingServletConfig.getServletContext(ServletWrappingController.java:199)
	at javax.servlet.GenericServlet.getServletContext(GenericServlet.java:205)
	at javax.servlet.GenericServlet.log(GenericServlet.java:300)
	at javax.servlet.GenericServlet.init(GenericServlet.java:257)
	at com.netflix.zuul.http.ZuulServlet.init(ZuulServlet.java:55)
	at org.springframework.web.servlet.mvc.ServletWrappingController.afterPropertiesSet(ServletWrappingController.java:153)
	at org.springframework.beans.factory.support.AbstractAutowireCapableBeanFactory.invokeInitMethods(AbstractAutowireCapableBeanFactory.java:1855)
	at org.springframework.beans.factory.support.AbstractAutowireCapableBeanFactory.initializeBean(AbstractAutowireCapableBeanFactory.java:1792)
	... 14 common frames omitted
2022-06-13 18:33:18 | [1;31mERROR[0;39m | [1;33mmain[0;39m | [1;32morg.springframework.boot.SpringApplication[0;39m | Application run failed
org.springframework.beans.factory.BeanCreationException: Error creating bean with name 'zuulController' defined in class path resource [org/springframework/cloud/netflix/zuul/ZuulProxyAutoConfiguration.class]: Invocation of init method failed; nested exception is java.lang.IllegalStateException: WebApplicationObjectSupport instance [org.springframework.cloud.netflix.zuul.web.ZuulController@12166229] does not run in a WebApplicationContext but in: org.springframework.boot.web.reactive.context.AnnotationConfigReactiveWebServerApplicationContext@1c7fd41f, started on Mon Jun 13 18:33:13 CST 2022, parent: org.springframework.context.annotation.AnnotationConfigApplicationContext@71a8adcf
	at org.springframework.beans.factory.support.AbstractAutowireCapableBeanFactory.initializeBean(AbstractAutowireCapableBeanFactory.java:1796)
	at org.springframework.beans.factory.support.AbstractAutowireCapableBeanFactory.doCreateBean(AbstractAutowireCapableBeanFactory.java:595)
	at org.springframework.beans.factory.support.AbstractAutowireCapableBeanFactory.createBean(AbstractAutowireCapableBeanFactory.java:517)
	at org.springframework.beans.factory.support.AbstractBeanFactory.lambda$doGetBean$0(AbstractBeanFactory.java:323)
	at org.springframework.beans.factory.support.DefaultSingletonBeanRegistry.getSingleton(DefaultSingletonBeanRegistry.java:222)
	at org.springframework.beans.factory.support.AbstractBeanFactory.doGetBean(AbstractBeanFactory.java:321)
	at org.springframework.beans.factory.support.AbstractBeanFactory.getBean(AbstractBeanFactory.java:202)
	at org.springframework.beans.factory.support.DefaultListableBeanFactory.preInstantiateSingletons(DefaultListableBeanFactory.java:879)
	at org.springframework.context.support.AbstractApplicationContext.finishBeanFactoryInitialization(AbstractApplicationContext.java:878)
	at org.springframework.context.support.AbstractApplicationContext.refresh(AbstractApplicationContext.java:550)
	at org.springframework.boot.web.reactive.context.ReactiveWebServerApplicationContext.refresh(ReactiveWebServerApplicationContext.java:66)
	at org.springframework.boot.SpringApplication.refresh(SpringApplication.java:747)
	at org.springframework.boot.SpringApplication.refreshContext(SpringApplication.java:397)
	at org.springframework.boot.SpringApplication.run(SpringApplication.java:315)
	at com.cashbookcloud.gateway.CloudGatewayApplication.main(CloudGatewayApplication.java:38)
Caused by: java.lang.IllegalStateException: WebApplicationObjectSupport instance [org.springframework.cloud.netflix.zuul.web.ZuulController@12166229] does not run in a WebApplicationContext but in: org.springframework.boot.web.reactive.context.AnnotationConfigReactiveWebServerApplicationContext@1c7fd41f, started on Mon Jun 13 18:33:13 CST 2022, parent: org.springframework.context.annotation.AnnotationConfigApplicationContext@71a8adcf
	at org.springframework.web.context.support.WebApplicationObjectSupport.getWebApplicationContext(WebApplicationObjectSupport.java:115)
	at org.springframework.web.context.support.WebApplicationObjectSupport.getServletContext(WebApplicationObjectSupport.java:134)
	at org.springframework.web.servlet.mvc.ServletWrappingController.access$200(ServletWrappingController.java:86)
	at org.springframework.web.servlet.mvc.ServletWrappingController$DelegatingServletConfig.getServletContext(ServletWrappingController.java:199)
	at javax.servlet.GenericServlet.getServletContext(GenericServlet.java:205)
	at javax.servlet.GenericServlet.log(GenericServlet.java:300)
	at javax.servlet.GenericServlet.init(GenericServlet.java:257)
	at com.netflix.zuul.http.ZuulServlet.init(ZuulServlet.java:55)
	at org.springframework.web.servlet.mvc.ServletWrappingController.afterPropertiesSet(ServletWrappingController.java:153)
	at org.springframework.beans.factory.support.AbstractAutowireCapableBeanFactory.invokeInitMethods(AbstractAutowireCapableBeanFactory.java:1855)
	at org.springframework.beans.factory.support.AbstractAutowireCapableBeanFactory.initializeBean(AbstractAutowireCapableBeanFactory.java:1792)
	... 14 common frames omitted
2022-06-13 18:36:30 | [1;31mERROR[0;39m | [1;33mmain[0;39m | [1;32morg.springframework.boot.SpringApplication[0;39m | Application run failed
org.springframework.beans.factory.BeanCreationException: Error creating bean with name 'zuulController' defined in class path resource [org/springframework/cloud/netflix/zuul/ZuulProxyAutoConfiguration.class]: Invocation of init method failed; nested exception is java.lang.IllegalStateException: WebApplicationObjectSupport instance [org.springframework.cloud.netflix.zuul.web.ZuulController@b34c7c9] does not run in a WebApplicationContext but in: org.springframework.boot.web.reactive.context.AnnotationConfigReactiveWebServerApplicationContext@207ea13, started on Mon Jun 13 18:36:25 CST 2022, parent: org.springframework.context.annotation.AnnotationConfigApplicationContext@63376bed
	at org.springframework.beans.factory.support.AbstractAutowireCapableBeanFactory.initializeBean(AbstractAutowireCapableBeanFactory.java:1796)
	at org.springframework.beans.factory.support.AbstractAutowireCapableBeanFactory.doCreateBean(AbstractAutowireCapableBeanFactory.java:595)
	at org.springframework.beans.factory.support.AbstractAutowireCapableBeanFactory.createBean(AbstractAutowireCapableBeanFactory.java:517)
	at org.springframework.beans.factory.support.AbstractBeanFactory.lambda$doGetBean$0(AbstractBeanFactory.java:323)
	at org.springframework.beans.factory.support.DefaultSingletonBeanRegistry.getSingleton(DefaultSingletonBeanRegistry.java:222)
	at org.springframework.beans.factory.support.AbstractBeanFactory.doGetBean(AbstractBeanFactory.java:321)
	at org.springframework.beans.factory.support.AbstractBeanFactory.getBean(AbstractBeanFactory.java:202)
	at org.springframework.beans.factory.support.DefaultListableBeanFactory.preInstantiateSingletons(DefaultListableBeanFactory.java:879)
	at org.springframework.context.support.AbstractApplicationContext.finishBeanFactoryInitialization(AbstractApplicationContext.java:878)
	at org.springframework.context.support.AbstractApplicationContext.refresh(AbstractApplicationContext.java:550)
	at org.springframework.boot.web.reactive.context.ReactiveWebServerApplicationContext.refresh(ReactiveWebServerApplicationContext.java:66)
	at org.springframework.boot.SpringApplication.refresh(SpringApplication.java:747)
	at org.springframework.boot.SpringApplication.refreshContext(SpringApplication.java:397)
	at org.springframework.boot.SpringApplication.run(SpringApplication.java:315)
	at com.cashbookcloud.gateway.CloudGatewayApplication.main(CloudGatewayApplication.java:38)
Caused by: java.lang.IllegalStateException: WebApplicationObjectSupport instance [org.springframework.cloud.netflix.zuul.web.ZuulController@b34c7c9] does not run in a WebApplicationContext but in: org.springframework.boot.web.reactive.context.AnnotationConfigReactiveWebServerApplicationContext@207ea13, started on Mon Jun 13 18:36:25 CST 2022, parent: org.springframework.context.annotation.AnnotationConfigApplicationContext@63376bed
	at org.springframework.web.context.support.WebApplicationObjectSupport.getWebApplicationContext(WebApplicationObjectSupport.java:115)
	at org.springframework.web.context.support.WebApplicationObjectSupport.getServletContext(WebApplicationObjectSupport.java:134)
	at org.springframework.web.servlet.mvc.ServletWrappingController.access$200(ServletWrappingController.java:86)
	at org.springframework.web.servlet.mvc.ServletWrappingController$DelegatingServletConfig.getServletContext(ServletWrappingController.java:199)
	at javax.servlet.GenericServlet.getServletContext(GenericServlet.java:205)
	at javax.servlet.GenericServlet.log(GenericServlet.java:300)
	at javax.servlet.GenericServlet.init(GenericServlet.java:257)
	at com.netflix.zuul.http.ZuulServlet.init(ZuulServlet.java:55)
	at org.springframework.web.servlet.mvc.ServletWrappingController.afterPropertiesSet(ServletWrappingController.java:153)
	at org.springframework.beans.factory.support.AbstractAutowireCapableBeanFactory.invokeInitMethods(AbstractAutowireCapableBeanFactory.java:1855)
	at org.springframework.beans.factory.support.AbstractAutowireCapableBeanFactory.initializeBean(AbstractAutowireCapableBeanFactory.java:1792)
	... 14 common frames omitted
2022-06-13 19:13:27 | [1;31mERROR[0;39m | [1;33mreactor-http-nio-4[0;39m | [1;32morg.springframework.boot.autoconfigure.web.reactive.error.AbstractErrorWebExceptionHandler[0;39m | [14ce4d65-46]  500 Server Error for HTTP POST "/alipay/pay"
io.netty.channel.AbstractChannel$AnnotatedConnectException: Connection refused: no further information: /172.18.113.87:8099
	Suppressed: reactor.core.publisher.FluxOnAssembly$OnAssemblyException: 
Error has been observed at the following site(s):
	|_ checkpoint ⇢ org.springframework.web.cors.reactive.CorsWebFilter$$EnhancerBySpringCGLIB$$919a73e8 [DefaultWebFilterChain]
	|_ checkpoint ⇢ org.springframework.cloud.gateway.filter.WeightCalculatorWebFilter [DefaultWebFilterChain]
	|_ checkpoint ⇢ org.springframework.security.web.server.authorization.AuthorizationWebFilter [DefaultWebFilterChain]
	|_ checkpoint ⇢ org.springframework.security.web.server.authorization.ExceptionTranslationWebFilter [DefaultWebFilterChain]
	|_ checkpoint ⇢ org.springframework.security.web.server.authentication.logout.LogoutWebFilter [DefaultWebFilterChain]
	|_ checkpoint ⇢ org.springframework.security.web.server.savedrequest.ServerRequestCacheWebFilter [DefaultWebFilterChain]
	|_ checkpoint ⇢ org.springframework.security.web.server.context.SecurityContextServerWebExchangeWebFilter [DefaultWebFilterChain]
	|_ checkpoint ⇢ org.springframework.security.web.server.context.ReactorContextWebFilter [DefaultWebFilterChain]
	|_ checkpoint ⇢ org.springframework.security.web.server.header.HttpHeaderWriterWebFilter [DefaultWebFilterChain]
	|_ checkpoint ⇢ org.springframework.security.config.web.server.ServerHttpSecurity$ServerWebExchangeReactorContextWebFilter [DefaultWebFilterChain]
	|_ checkpoint ⇢ org.springframework.security.web.server.WebFilterChainProxy [DefaultWebFilterChain]
	|_ checkpoint ⇢ org.springframework.boot.actuate.metrics.web.reactive.server.MetricsWebFilter [DefaultWebFilterChain]
	|_ checkpoint ⇢ org.springframework.web.cors.reactive.CorsWebFilter [DefaultWebFilterChain]
	|_ checkpoint ⇢ HTTP POST "/alipay/pay" [ExceptionHandlingWebHandler]
Stack trace:
Caused by: java.net.ConnectException: Connection refused: no further information
	at sun.nio.ch.SocketChannelImpl.checkConnect(Native Method)
	at sun.nio.ch.SocketChannelImpl.finishConnect(SocketChannelImpl.java:716)
	at io.netty.channel.socket.nio.NioSocketChannel.doFinishConnect(NioSocketChannel.java:330)
	at io.netty.channel.nio.AbstractNioChannel$AbstractNioUnsafe.finishConnect(AbstractNioChannel.java:334)
	at io.netty.channel.nio.NioEventLoop.processSelectedKey(NioEventLoop.java:702)
	at io.netty.channel.nio.NioEventLoop.processSelectedKeysOptimized(NioEventLoop.java:650)
	at io.netty.channel.nio.NioEventLoop.processSelectedKeys(NioEventLoop.java:576)
	at io.netty.channel.nio.NioEventLoop.run(NioEventLoop.java:493)
	at io.netty.util.concurrent.SingleThreadEventExecutor$4.run(SingleThreadEventExecutor.java:989)
	at io.netty.util.internal.ThreadExecutorMap$2.run(ThreadExecutorMap.java:74)
	at io.netty.util.concurrent.FastThreadLocalRunnable.run(FastThreadLocalRunnable.java:30)
	at java.lang.Thread.run(Thread.java:748)
