2022-06-07 16:02:36 | [1;31mERROR[0;39m | [1;33mNacso-Watch-Task-Scheduler-1[0;39m | [1;32mcom.alibaba.nacos.client.naming[0;39m | [NA] failed to request 
java.net.SocketTimeoutException: connect timed out
	at java.net.DualStackPlainSocketImpl.waitForConnect(Native Method)
	at java.net.DualStackPlainSocketImpl.socketConnect(DualStackPlainSocketImpl.java:85)
	at java.net.AbstractPlainSocketImpl.doConnect(AbstractPlainSocketImpl.java:350)
	at java.net.AbstractPlainSocketImpl.connectToAddress(AbstractPlainSocketImpl.java:206)
	at java.net.AbstractPlainSocketImpl.connect(AbstractPlainSocketImpl.java:188)
	at java.net.PlainSocketImpl.connect(PlainSocketImpl.java:172)
	at java.net.SocksSocketImpl.connect(SocksSocketImpl.java:392)
	at java.net.Socket.connect(Socket.java:607)
	at sun.net.NetworkClient.doConnect(NetworkClient.java:175)
	at sun.net.www.http.HttpClient.openServer(HttpClient.java:463)
	at sun.net.www.http.HttpClient.openServer(HttpClient.java:558)
	at sun.net.www.http.HttpClient.<init>(HttpClient.java:242)
	at sun.net.www.http.HttpClient.New(HttpClient.java:339)
	at sun.net.www.http.HttpClient.New(HttpClient.java:357)
	at sun.net.www.protocol.http.HttpURLConnection.getNewHttpClient(HttpURLConnection.java:1226)
	at sun.net.www.protocol.http.HttpURLConnection.plainConnect0(HttpURLConnection.java:1162)
	at sun.net.www.protocol.http.HttpURLConnection.plainConnect(HttpURLConnection.java:1056)
	at sun.net.www.protocol.http.HttpURLConnection.connect(HttpURLConnection.java:990)
	at com.alibaba.nacos.client.naming.net.HttpClient.request(HttpClient.java:86)
	at com.alibaba.nacos.client.naming.net.NamingProxy.callServer(NamingProxy.java:433)
	at com.alibaba.nacos.client.naming.net.NamingProxy.reqAPI(NamingProxy.java:468)
	at com.alibaba.nacos.client.naming.net.NamingProxy.reqAPI(NamingProxy.java:401)
	at com.alibaba.nacos.client.naming.net.NamingProxy.reqAPI(NamingProxy.java:397)
	at com.alibaba.nacos.client.naming.net.NamingProxy.getServiceList(NamingProxy.java:385)
	at com.alibaba.nacos.client.naming.NacosNamingService.getServicesOfServer(NacosNamingService.java:458)
	at com.alibaba.nacos.client.naming.NacosNamingService.getServicesOfServer(NacosNamingService.java:447)
	at com.alibaba.cloud.nacos.discovery.NacosServiceDiscovery.getServices(NacosServiceDiscovery.java:64)
	at com.alibaba.cloud.nacos.discovery.NacosDiscoveryClient.getServices(NacosDiscoveryClient.java:67)
	at org.springframework.cloud.client.discovery.composite.CompositeDiscoveryClient.getServices(CompositeDiscoveryClient.java:67)
	at org.springframework.cloud.netflix.zuul.filters.discovery.DiscoveryClientRouteLocator.locateRoutes(DiscoveryClientRouteLocator.java:121)
	at org.springframework.cloud.netflix.zuul.filters.discovery.DiscoveryClientRouteLocator.locateRoutes(DiscoveryClientRouteLocator.java:44)
	at org.springframework.cloud.netflix.zuul.filters.SimpleRouteLocator.doRefresh(SimpleRouteLocator.java:186)
	at org.springframework.cloud.netflix.zuul.filters.discovery.DiscoveryClientRouteLocator.refresh(DiscoveryClientRouteLocator.java:171)
	at org.springframework.cloud.netflix.zuul.filters.CompositeRouteLocator.refresh(CompositeRouteLocator.java:78)
	at org.springframework.cloud.netflix.zuul.web.ZuulHandlerMapping.setDirty(ZuulHandlerMapping.java:79)
	at org.springframework.cloud.netflix.zuul.ZuulServerAutoConfiguration$ZuulRefreshListener.reset(ZuulServerAutoConfiguration.java:315)
	at org.springframework.cloud.netflix.zuul.ZuulServerAutoConfiguration$ZuulRefreshListener.resetIfNeeded(ZuulServerAutoConfiguration.java:310)
	at org.springframework.cloud.netflix.zuul.ZuulServerAutoConfiguration$ZuulRefreshListener.onApplicationEvent(ZuulServerAutoConfiguration.java:304)
	at org.springframework.context.event.SimpleApplicationEventMulticaster.doInvokeListener(SimpleApplicationEventMulticaster.java:172)
	at org.springframework.context.event.SimpleApplicationEventMulticaster.invokeListener(SimpleApplicationEventMulticaster.java:165)
	at org.springframework.context.event.SimpleApplicationEventMulticaster.multicastEvent(SimpleApplicationEventMulticaster.java:139)
	at org.springframework.context.support.AbstractApplicationContext.publishEvent(AbstractApplicationContext.java:403)
	at org.springframework.context.support.AbstractApplicationContext.publishEvent(AbstractApplicationContext.java:360)
	at com.alibaba.cloud.nacos.discovery.NacosWatch.nacosServicesWatch(NacosWatch.java:130)
	at org.springframework.scheduling.support.DelegatingErrorHandlingRunnable.run(DelegatingErrorHandlingRunnable.java:54)
	at java.util.concurrent.Executors$RunnableAdapter.call(Executors.java:511)
	at java.util.concurrent.FutureTask.runAndReset$$$capture(FutureTask.java:308)
	at java.util.concurrent.FutureTask.runAndReset(FutureTask.java)
	at java.util.concurrent.ScheduledThreadPoolExecutor$ScheduledFutureTask.access$301(ScheduledThreadPoolExecutor.java:180)
	at java.util.concurrent.ScheduledThreadPoolExecutor$ScheduledFutureTask.run(ScheduledThreadPoolExecutor.java:294)
	at java.util.concurrent.ThreadPoolExecutor.runWorker(ThreadPoolExecutor.java:1149)
	at java.util.concurrent.ThreadPoolExecutor$Worker.run(ThreadPoolExecutor.java:624)
	at java.lang.Thread.run(Thread.java:748)
