2022-05-29 17:26:03 | [1;31mERROR[0;39m | [1;33mmain[0;39m | [1;32morg.springframework.boot.SpringApplication[0;39m | Application run failed
org.springframework.beans.factory.BeanDefinitionStoreException: Failed to parse configuration class [com.cashbookcloud.gateway.CloudGatewayApplication]; nested exception is org.springframework.context.annotation.ConflictingBeanDefinitionException: Annotation-specified bean name 'corsConfig' for bean class [com.cashbookcloud.gateway.security.CorsConfig] conflicts with existing, non-compatible bean definition of same name and class [com.cashbookcloud.gateway.config.CorsConfig]
	at org.springframework.context.annotation.ConfigurationClassParser.parse(ConfigurationClassParser.java:188)
	at org.springframework.context.annotation.ConfigurationClassPostProcessor.processConfigBeanDefinitions(ConfigurationClassPostProcessor.java:319)
	at org.springframework.context.annotation.ConfigurationClassPostProcessor.postProcessBeanDefinitionRegistry(ConfigurationClassPostProcessor.java:236)
	at org.springframework.context.support.PostProcessorRegistrationDelegate.invokeBeanDefinitionRegistryPostProcessors(PostProcessorRegistrationDelegate.java:275)
	at org.springframework.context.support.PostProcessorRegistrationDelegate.invokeBeanFactoryPostProcessors(PostProcessorRegistrationDelegate.java:95)
	at org.springframework.context.support.AbstractApplicationContext.invokeBeanFactoryPostProcessors(AbstractApplicationContext.java:706)
	at org.springframework.context.support.AbstractApplicationContext.refresh(AbstractApplicationContext.java:532)
	at org.springframework.boot.web.servlet.context.ServletWebServerApplicationContext.refresh(ServletWebServerApplicationContext.java:141)
	at org.springframework.boot.SpringApplication.refresh(SpringApplication.java:747)
	at org.springframework.boot.SpringApplication.refreshContext(SpringApplication.java:397)
	at org.springframework.boot.SpringApplication.run(SpringApplication.java:315)
	at org.springframework.boot.SpringApplication.run(SpringApplication.java:1226)
	at org.springframework.boot.SpringApplication.run(SpringApplication.java:1215)
	at com.cashbookcloud.gateway.CloudGatewayApplication.main(CloudGatewayApplication.java:30)
Caused by: org.springframework.context.annotation.ConflictingBeanDefinitionException: Annotation-specified bean name 'corsConfig' for bean class [com.cashbookcloud.gateway.security.CorsConfig] conflicts with existing, non-compatible bean definition of same name and class [com.cashbookcloud.gateway.config.CorsConfig]
	at org.springframework.context.annotation.ClassPathBeanDefinitionScanner.checkCandidate(ClassPathBeanDefinitionScanner.java:349)
	at org.springframework.context.annotation.ClassPathBeanDefinitionScanner.doScan(ClassPathBeanDefinitionScanner.java:287)
	at org.springframework.context.annotation.ComponentScanAnnotationParser.parse(ComponentScanAnnotationParser.java:132)
	at org.springframework.context.annotation.ConfigurationClassParser.doProcessConfigurationClass(ConfigurationClassParser.java:295)
	at org.springframework.context.annotation.ConfigurationClassParser.processConfigurationClass(ConfigurationClassParser.java:249)
	at org.springframework.context.annotation.ConfigurationClassParser.parse(ConfigurationClassParser.java:206)
	at org.springframework.context.annotation.ConfigurationClassParser.parse(ConfigurationClassParser.java:174)
	... 13 common frames omitted
2022-05-29 17:29:34 | [1;31mERROR[0;39m | [1;33mmain[0;39m | [1;32morg.springframework.boot.SpringApplication[0;39m | Application run failed
org.springframework.beans.factory.BeanDefinitionStoreException: Failed to parse configuration class [com.cashbookcloud.gateway.CloudGatewayApplication]; nested exception is org.springframework.context.annotation.ConflictingBeanDefinitionException: Annotation-specified bean name 'corsConfig' for bean class [com.cashbookcloud.gateway.security.CorsConfig] conflicts with existing, non-compatible bean definition of same name and class [com.cashbookcloud.gateway.config.CorsConfig]
	at org.springframework.context.annotation.ConfigurationClassParser.parse(ConfigurationClassParser.java:188)
	at org.springframework.context.annotation.ConfigurationClassPostProcessor.processConfigBeanDefinitions(ConfigurationClassPostProcessor.java:319)
	at org.springframework.context.annotation.ConfigurationClassPostProcessor.postProcessBeanDefinitionRegistry(ConfigurationClassPostProcessor.java:236)
	at org.springframework.context.support.PostProcessorRegistrationDelegate.invokeBeanDefinitionRegistryPostProcessors(PostProcessorRegistrationDelegate.java:275)
	at org.springframework.context.support.PostProcessorRegistrationDelegate.invokeBeanFactoryPostProcessors(PostProcessorRegistrationDelegate.java:95)
	at org.springframework.context.support.AbstractApplicationContext.invokeBeanFactoryPostProcessors(AbstractApplicationContext.java:706)
	at org.springframework.context.support.AbstractApplicationContext.refresh(AbstractApplicationContext.java:532)
	at org.springframework.boot.web.servlet.context.ServletWebServerApplicationContext.refresh(ServletWebServerApplicationContext.java:141)
	at org.springframework.boot.SpringApplication.refresh(SpringApplication.java:747)
	at org.springframework.boot.SpringApplication.refreshContext(SpringApplication.java:397)
	at org.springframework.boot.SpringApplication.run(SpringApplication.java:315)
	at org.springframework.boot.SpringApplication.run(SpringApplication.java:1226)
	at org.springframework.boot.SpringApplication.run(SpringApplication.java:1215)
	at com.cashbookcloud.gateway.CloudGatewayApplication.main(CloudGatewayApplication.java:30)
Caused by: org.springframework.context.annotation.ConflictingBeanDefinitionException: Annotation-specified bean name 'corsConfig' for bean class [com.cashbookcloud.gateway.security.CorsConfig] conflicts with existing, non-compatible bean definition of same name and class [com.cashbookcloud.gateway.config.CorsConfig]
	at org.springframework.context.annotation.ClassPathBeanDefinitionScanner.checkCandidate(ClassPathBeanDefinitionScanner.java:349)
	at org.springframework.context.annotation.ClassPathBeanDefinitionScanner.doScan(ClassPathBeanDefinitionScanner.java:287)
	at org.springframework.context.annotation.ComponentScanAnnotationParser.parse(ComponentScanAnnotationParser.java:132)
	at org.springframework.context.annotation.ConfigurationClassParser.doProcessConfigurationClass(ConfigurationClassParser.java:295)
	at org.springframework.context.annotation.ConfigurationClassParser.processConfigurationClass(ConfigurationClassParser.java:249)
	at org.springframework.context.annotation.ConfigurationClassParser.parse(ConfigurationClassParser.java:206)
	at org.springframework.context.annotation.ConfigurationClassParser.parse(ConfigurationClassParser.java:174)
	... 13 common frames omitted
2022-05-29 17:36:07 | [1;31mERROR[0;39m | [1;33mmain[0;39m | [1;32morg.springframework.boot.diagnostics.LoggingFailureAnalysisReporter[0;39m | 

***************************
APPLICATION FAILED TO START
***************************

Description:

Parameter 0 of method loadBalancerWebClientBuilderBeanPostProcessor in org.springframework.cloud.client.loadbalancer.reactive.LoadBalancerBeanPostProcessorAutoConfiguration required a bean of type 'org.springframework.cloud.client.loadbalancer.reactive.DeferringLoadBalancerExchangeFilterFunction' that could not be found.

The following candidates were found but could not be injected:
	- Bean method 'deferringLoadBalancerExchangeFilterFunction' in 'LoadBalancerBeanPostProcessorAutoConfiguration.ReactiveLoadBalancerConfig' not loaded because @ConditionalOnBean (types: org.springframework.cloud.client.loadbalancer.LoadBalancerClient; SearchStrategy: all) did not find any beans of type org.springframework.cloud.client.loadbalancer.LoadBalancerClient
	- Bean method 'reactorDeferringLoadBalancerExchangeFilterFunction' in 'LoadBalancerBeanPostProcessorAutoConfiguration.ReactorDeferringLoadBalancerFilterConfig' not loaded because AnyNestedCondition 0 matched 2 did not; NestedCondition on OnNoRibbonDefaultCondition.RibbonLoadBalancerNotPresent @ConditionalOnMissingClass found unwanted class 'org.springframework.cloud.netflix.ribbon.RibbonLoadBalancerClient'; NestedCondition on OnNoRibbonDefaultCondition.RibbonNotEnabled @ConditionalOnProperty (spring.cloud.loadbalancer.ribbon.enabled=false) did not find property 'spring.cloud.loadbalancer.ribbon.enabled'


Action:

Consider revisiting the entries above or defining a bean of type 'org.springframework.cloud.client.loadbalancer.reactive.DeferringLoadBalancerExchangeFilterFunction' in your configuration.

2022-05-29 17:40:34 | [1;31mERROR[0;39m | [1;33mmain[0;39m | [1;32morg.springframework.boot.diagnostics.LoggingFailureAnalysisReporter[0;39m | 

***************************
APPLICATION FAILED TO START
***************************

Description:

Parameter 0 of method loadBalancerWebClientBuilderBeanPostProcessor in org.springframework.cloud.client.loadbalancer.reactive.LoadBalancerBeanPostProcessorAutoConfiguration required a bean of type 'org.springframework.cloud.client.loadbalancer.reactive.DeferringLoadBalancerExchangeFilterFunction' that could not be found.

The following candidates were found but could not be injected:
	- Bean method 'deferringLoadBalancerExchangeFilterFunction' in 'LoadBalancerBeanPostProcessorAutoConfiguration.ReactiveLoadBalancerConfig' not loaded because @ConditionalOnBean (types: org.springframework.cloud.client.loadbalancer.LoadBalancerClient; SearchStrategy: all) did not find any beans of type org.springframework.cloud.client.loadbalancer.LoadBalancerClient
	- Bean method 'reactorDeferringLoadBalancerExchangeFilterFunction' in 'LoadBalancerBeanPostProcessorAutoConfiguration.ReactorDeferringLoadBalancerFilterConfig' not loaded because AnyNestedCondition 0 matched 2 did not; NestedCondition on OnNoRibbonDefaultCondition.RibbonLoadBalancerNotPresent @ConditionalOnMissingClass found unwanted class 'org.springframework.cloud.netflix.ribbon.RibbonLoadBalancerClient'; NestedCondition on OnNoRibbonDefaultCondition.RibbonNotEnabled @ConditionalOnProperty (spring.cloud.loadbalancer.ribbon.enabled=false) did not find property 'spring.cloud.loadbalancer.ribbon.enabled'


Action:

Consider revisiting the entries above or defining a bean of type 'org.springframework.cloud.client.loadbalancer.reactive.DeferringLoadBalancerExchangeFilterFunction' in your configuration.

2022-05-29 17:43:36 | [1;31mERROR[0;39m | [1;33mmain[0;39m | [1;32morg.springframework.boot.diagnostics.LoggingFailureAnalysisReporter[0;39m | 

***************************
APPLICATION FAILED TO START
***************************

Description:

Parameter 0 of method loadBalancerWebClientBuilderBeanPostProcessor in org.springframework.cloud.client.loadbalancer.reactive.LoadBalancerBeanPostProcessorAutoConfiguration required a bean of type 'org.springframework.cloud.client.loadbalancer.reactive.DeferringLoadBalancerExchangeFilterFunction' that could not be found.

The following candidates were found but could not be injected:
	- Bean method 'deferringLoadBalancerExchangeFilterFunction' in 'LoadBalancerBeanPostProcessorAutoConfiguration.ReactiveLoadBalancerConfig' not loaded because @ConditionalOnBean (types: org.springframework.cloud.client.loadbalancer.LoadBalancerClient; SearchStrategy: all) did not find any beans of type org.springframework.cloud.client.loadbalancer.LoadBalancerClient
	- Bean method 'reactorDeferringLoadBalancerExchangeFilterFunction' in 'LoadBalancerBeanPostProcessorAutoConfiguration.ReactorDeferringLoadBalancerFilterConfig' not loaded because AnyNestedCondition 0 matched 2 did not; NestedCondition on OnNoRibbonDefaultCondition.RibbonLoadBalancerNotPresent @ConditionalOnMissingClass found unwanted class 'org.springframework.cloud.netflix.ribbon.RibbonLoadBalancerClient'; NestedCondition on OnNoRibbonDefaultCondition.RibbonNotEnabled @ConditionalOnProperty (spring.cloud.loadbalancer.ribbon.enabled=false) did not find property 'spring.cloud.loadbalancer.ribbon.enabled'


Action:

Consider revisiting the entries above or defining a bean of type 'org.springframework.cloud.client.loadbalancer.reactive.DeferringLoadBalancerExchangeFilterFunction' in your configuration.

2022-05-29 17:48:02 | [1;31mERROR[0;39m | [1;33mmain[0;39m | [1;32morg.springframework.boot.diagnostics.LoggingFailureAnalysisReporter[0;39m | 

***************************
APPLICATION FAILED TO START
***************************

Description:

Parameter 0 of method loadBalancerWebClientBuilderBeanPostProcessor in org.springframework.cloud.client.loadbalancer.reactive.LoadBalancerBeanPostProcessorAutoConfiguration required a bean of type 'org.springframework.cloud.client.loadbalancer.reactive.DeferringLoadBalancerExchangeFilterFunction' that could not be found.

The following candidates were found but could not be injected:
	- Bean method 'deferringLoadBalancerExchangeFilterFunction' in 'LoadBalancerBeanPostProcessorAutoConfiguration.ReactiveLoadBalancerConfig' not loaded because @ConditionalOnBean (types: org.springframework.cloud.client.loadbalancer.LoadBalancerClient; SearchStrategy: all) did not find any beans of type org.springframework.cloud.client.loadbalancer.LoadBalancerClient
	- Bean method 'reactorDeferringLoadBalancerExchangeFilterFunction' in 'LoadBalancerBeanPostProcessorAutoConfiguration.ReactorDeferringLoadBalancerFilterConfig' not loaded because AnyNestedCondition 0 matched 2 did not; NestedCondition on OnNoRibbonDefaultCondition.RibbonLoadBalancerNotPresent @ConditionalOnMissingClass found unwanted class 'org.springframework.cloud.netflix.ribbon.RibbonLoadBalancerClient'; NestedCondition on OnNoRibbonDefaultCondition.RibbonNotEnabled @ConditionalOnProperty (spring.cloud.loadbalancer.ribbon.enabled=false) did not find property 'spring.cloud.loadbalancer.ribbon.enabled'


Action:

Consider revisiting the entries above or defining a bean of type 'org.springframework.cloud.client.loadbalancer.reactive.DeferringLoadBalancerExchangeFilterFunction' in your configuration.

