2022-06-02 13:22:28 | [1;31mERROR[0;39m | [1;33mmain[0;39m | [1;32morg.springframework.boot.SpringApplication[0;39m | Application run failed
org.springframework.beans.factory.BeanDefinitionStoreException: Failed to parse configuration class [com.cashbookcloud.manager.service.CashBookSecurityManagerServiceApplication]; nested exception is org.springframework.context.annotation.ConflictingBeanDefinitionException: Annotation-specified bean name 'resouceServerConfig' for bean class [com.cashbookcloud.role.service.config.ResouceServerConfig] conflicts with existing, non-compatible bean definition of same name and class [com.cashbookcloud.manager.service.config.ResouceServerConfig]
	at org.springframework.context.annotation.ConfigurationClassParser.parse(ConfigurationClassParser.java:188)
	at org.springframework.context.annotation.ConfigurationClassPostProcessor.processConfigBeanDefinitions(ConfigurationClassPostProcessor.java:319)
	at org.springframework.context.annotation.ConfigurationClassPostProcessor.postProcessBeanDefinitionRegistry(ConfigurationClassPostProcessor.java:236)
	at org.springframework.context.support.PostProcessorRegistrationDelegate.invokeBeanDefinitionRegistryPostProcessors(PostProcessorRegistrationDelegate.java:275)
	at org.springframework.context.support.PostProcessorRegistrationDelegate.invokeBeanFactoryPostProcessors(PostProcessorRegistrationDelegate.java:95)
	at org.springframework.context.support.AbstractApplicationContext.invokeBeanFactoryPostProcessors(AbstractApplicationContext.java:706)
	at org.springframework.context.support.AbstractApplicationContext.refresh(AbstractApplicationContext.java:532)
	at org.springframework.boot.web.servlet.context.ServletWebServerApplicationContext.refresh(ServletWebServerApplicationContext.java:141)
	at org.springframework.boot.SpringApplication.refresh(SpringApplication.java:747)
	at org.springframework.boot.SpringApplication.refreshContext(SpringApplication.java:397)
	at org.springframework.boot.SpringApplication.run(SpringApplication.java:315)
	at org.springframework.boot.SpringApplication.run(SpringApplication.java:1226)
	at org.springframework.boot.SpringApplication.run(SpringApplication.java:1215)
	at com.cashbookcloud.manager.service.CashBookSecurityManagerServiceApplication.main(CashBookManagerServiceApplication.java:16)
Caused by: org.springframework.context.annotation.ConflictingBeanDefinitionException: Annotation-specified bean name 'resouceServerConfig' for bean class [com.cashbookcloud.role.service.config.ResouceServerConfig] conflicts with existing, non-compatible bean definition of same name and class [com.cashbookcloud.manager.service.config.ResouceServerConfig]
	at org.springframework.context.annotation.ClassPathBeanDefinitionScanner.checkCandidate(ClassPathBeanDefinitionScanner.java:349)
	at org.springframework.context.annotation.ClassPathBeanDefinitionScanner.doScan(ClassPathBeanDefinitionScanner.java:287)
	at org.springframework.context.annotation.ComponentScanAnnotationParser.parse(ComponentScanAnnotationParser.java:132)
	at org.springframework.context.annotation.ConfigurationClassParser.doProcessConfigurationClass(ConfigurationClassParser.java:295)
	at org.springframework.context.annotation.ConfigurationClassParser.processConfigurationClass(ConfigurationClassParser.java:249)
	at org.springframework.context.annotation.ConfigurationClassParser.parse(ConfigurationClassParser.java:206)
	at org.springframework.context.annotation.ConfigurationClassParser.parse(ConfigurationClassParser.java:174)
	... 13 common frames omitted
2022-06-02 13:28:14 | [1;31mERROR[0;39m | [1;33mmain[0;39m | [1;32morg.springframework.boot.SpringApplication[0;39m | Application run failed
org.springframework.beans.factory.BeanDefinitionStoreException: Failed to parse configuration class [com.cashbookcloud.manager.service.CashBookSecurityManagerServiceApplication]; nested exception is org.springframework.context.annotation.ConflictingBeanDefinitionException: Annotation-specified bean name 'resouceServerConfig' for bean class [com.cashbookcloud.role.service.config.ResouceServerConfig] conflicts with existing, non-compatible bean definition of same name and class [com.cashbookcloud.manager.service.config.ResouceServerConfig]
	at org.springframework.context.annotation.ConfigurationClassParser.parse(ConfigurationClassParser.java:188)
	at org.springframework.context.annotation.ConfigurationClassPostProcessor.processConfigBeanDefinitions(ConfigurationClassPostProcessor.java:319)
	at org.springframework.context.annotation.ConfigurationClassPostProcessor.postProcessBeanDefinitionRegistry(ConfigurationClassPostProcessor.java:236)
	at org.springframework.context.support.PostProcessorRegistrationDelegate.invokeBeanDefinitionRegistryPostProcessors(PostProcessorRegistrationDelegate.java:275)
	at org.springframework.context.support.PostProcessorRegistrationDelegate.invokeBeanFactoryPostProcessors(PostProcessorRegistrationDelegate.java:95)
	at org.springframework.context.support.AbstractApplicationContext.invokeBeanFactoryPostProcessors(AbstractApplicationContext.java:706)
	at org.springframework.context.support.AbstractApplicationContext.refresh(AbstractApplicationContext.java:532)
	at org.springframework.boot.web.servlet.context.ServletWebServerApplicationContext.refresh(ServletWebServerApplicationContext.java:141)
	at org.springframework.boot.SpringApplication.refresh(SpringApplication.java:747)
	at org.springframework.boot.SpringApplication.refreshContext(SpringApplication.java:397)
	at org.springframework.boot.SpringApplication.run(SpringApplication.java:315)
	at org.springframework.boot.SpringApplication.run(SpringApplication.java:1226)
	at org.springframework.boot.SpringApplication.run(SpringApplication.java:1215)
	at com.cashbookcloud.manager.service.CashBookSecurityManagerServiceApplication.main(CashBookManagerServiceApplication.java:16)
Caused by: org.springframework.context.annotation.ConflictingBeanDefinitionException: Annotation-specified bean name 'resouceServerConfig' for bean class [com.cashbookcloud.role.service.config.ResouceServerConfig] conflicts with existing, non-compatible bean definition of same name and class [com.cashbookcloud.manager.service.config.ResouceServerConfig]
	at org.springframework.context.annotation.ClassPathBeanDefinitionScanner.checkCandidate(ClassPathBeanDefinitionScanner.java:349)
	at org.springframework.context.annotation.ClassPathBeanDefinitionScanner.doScan(ClassPathBeanDefinitionScanner.java:287)
	at org.springframework.context.annotation.ComponentScanAnnotationParser.parse(ComponentScanAnnotationParser.java:132)
	at org.springframework.context.annotation.ConfigurationClassParser.doProcessConfigurationClass(ConfigurationClassParser.java:295)
	at org.springframework.context.annotation.ConfigurationClassParser.processConfigurationClass(ConfigurationClassParser.java:249)
	at org.springframework.context.annotation.ConfigurationClassParser.parse(ConfigurationClassParser.java:206)
	at org.springframework.context.annotation.ConfigurationClassParser.parse(ConfigurationClassParser.java:174)
	... 13 common frames omitted
2022-06-02 13:41:10 | [1;31mERROR[0;39m | [1;33mDubboServerHandler-172.18.113.87:20895-thread-3[0;39m | [1;32morg.apache.dubbo.rpc.filter.ExceptionFilter[0;39m |  [DUBBO] Got unchecked and undeclared exception which called by 172.18.113.87. service: com.cashbookcloud.manager.api.service.ManagerService, method: findPermissionsByUserId, exception: org.apache.dubbo.rpc.RpcException: No provider available in [invoker :interface com.cashbookcloud.rolepermission.api.service.RolePermissionService -> spring-cloud://localhost:9090/org.apache.dubbo.registry.RegistryService?application=cashbook-manager-service&check=false&dubbo=2.0.2&init=false&interface=com.cashbookcloud.rolepermission.api.service.RolePermissionService&methods=findByRoleId&pid=23056&qos.enable=false&qos.port=22310&register.ip=172.18.113.87&release=2.7.6&retries=-1&side=consumer&sticky=false&timeout=3000&timestamp=1654148433244,directory: org.apache.dubbo.registry.integration.RegistryDirectory@5402612e, invoker :interface com.cashbookcloud.rolepermission.api.service.RolePermissionService -> nacos://106.12.162.221:8848/org.apache.dubbo.registry.RegistryService?application=cashbook-manager-service&check=false&dubbo=2.0.2&init=false&interface=com.cashbookcloud.rolepermission.api.service.RolePermissionService&methods=findByRoleId&pid=23056&qos.enable=false&qos.port=22310&register.ip=172.18.113.87&release=2.7.6&retries=-1&side=consumer&sticky=false&timeout=3000&timestamp=1654148433244,directory: org.apache.dubbo.registry.integration.RegistryDirectory@6ebbc06], dubbo version: 2.7.6, current host: 172.18.113.87
org.apache.dubbo.rpc.RpcException: No provider available in [invoker :interface com.cashbookcloud.rolepermission.api.service.RolePermissionService -> spring-cloud://localhost:9090/org.apache.dubbo.registry.RegistryService?application=cashbook-manager-service&check=false&dubbo=2.0.2&init=false&interface=com.cashbookcloud.rolepermission.api.service.RolePermissionService&methods=findByRoleId&pid=23056&qos.enable=false&qos.port=22310&register.ip=172.18.113.87&release=2.7.6&retries=-1&side=consumer&sticky=false&timeout=3000&timestamp=1654148433244,directory: org.apache.dubbo.registry.integration.RegistryDirectory@5402612e, invoker :interface com.cashbookcloud.rolepermission.api.service.RolePermissionService -> nacos://106.12.162.221:8848/org.apache.dubbo.registry.RegistryService?application=cashbook-manager-service&check=false&dubbo=2.0.2&init=false&interface=com.cashbookcloud.rolepermission.api.service.RolePermissionService&methods=findByRoleId&pid=23056&qos.enable=false&qos.port=22310&register.ip=172.18.113.87&release=2.7.6&retries=-1&side=consumer&sticky=false&timeout=3000&timestamp=1654148433244,directory: org.apache.dubbo.registry.integration.RegistryDirectory@6ebbc06]
	at org.apache.dubbo.rpc.cluster.support.registry.ZoneAwareClusterInvoker.doInvoke(ZoneAwareClusterInvoker.java:101)
	at org.apache.dubbo.rpc.cluster.support.AbstractClusterInvoker.invoke(AbstractClusterInvoker.java:259)
	at org.apache.dubbo.rpc.cluster.interceptor.ClusterInterceptor.intercept(ClusterInterceptor.java:47)
	at org.apache.dubbo.rpc.cluster.support.wrapper.AbstractCluster$InterceptorInvokerNode.invoke(AbstractCluster.java:92)
	at org.apache.dubbo.rpc.cluster.interceptor.ClusterInterceptor.intercept(ClusterInterceptor.java:47)
	at org.apache.dubbo.rpc.cluster.support.wrapper.AbstractCluster$InterceptorInvokerNode.invoke(AbstractCluster.java:92)
	at org.apache.dubbo.rpc.cluster.support.wrapper.MockClusterInvoker.invoke(MockClusterInvoker.java:82)
	at org.apache.dubbo.rpc.proxy.InvokerInvocationHandler.invoke(InvokerInvocationHandler.java:74)
	at org.apache.dubbo.common.bytecode.proxy1.findByRoleId(proxy1.java)
	at com.cashbookcloud.manager.service.service.impl.IManagerService.findPermissionsByUserId(IManagerService.java:184)
	at com.cashbookcloud.manager.service.service.impl.IManagerService$$FastClassBySpringCGLIB$$3775c038.invoke(<generated>)
	at org.springframework.cglib.proxy.MethodProxy.invoke(MethodProxy.java:218)
	at org.springframework.aop.framework.CglibAopProxy$CglibMethodInvocation.invokeJoinpoint(CglibAopProxy.java:769)
	at org.springframework.aop.framework.ReflectiveMethodInvocation.proceed(ReflectiveMethodInvocation.java:163)
	at org.springframework.aop.framework.CglibAopProxy$CglibMethodInvocation.proceed(CglibAopProxy.java:747)
	at org.springframework.transaction.interceptor.TransactionAspectSupport.invokeWithinTransaction(TransactionAspectSupport.java:366)
	at org.springframework.transaction.interceptor.TransactionInterceptor.invoke(TransactionInterceptor.java:99)
	at org.springframework.aop.framework.ReflectiveMethodInvocation.proceed(ReflectiveMethodInvocation.java:186)
	at org.springframework.aop.framework.CglibAopProxy$CglibMethodInvocation.proceed(CglibAopProxy.java:747)
	at org.springframework.aop.framework.CglibAopProxy$DynamicAdvisedInterceptor.intercept(CglibAopProxy.java:689)
	at com.cashbookcloud.manager.service.service.impl.IManagerService$$EnhancerBySpringCGLIB$$94707ac.findPermissionsByUserId(<generated>)
	at org.apache.dubbo.common.bytecode.Wrapper3.invokeMethod(Wrapper3.java)
	at org.apache.dubbo.rpc.proxy.javassist.JavassistProxyFactory$1.doInvoke(JavassistProxyFactory.java:47)
	at org.apache.dubbo.rpc.proxy.AbstractProxyInvoker.invoke(AbstractProxyInvoker.java:84)
	at org.apache.dubbo.config.invoker.DelegateProviderMetaDataInvoker.invoke(DelegateProviderMetaDataInvoker.java:56)
	at org.apache.dubbo.rpc.protocol.InvokerWrapper.invoke(InvokerWrapper.java:56)
	at org.apache.dubbo.rpc.filter.ExceptionFilter.invoke(ExceptionFilter.java:52)
	at org.apache.dubbo.rpc.protocol.ProtocolFilterWrapper$1.invoke(ProtocolFilterWrapper.java:81)
	at org.apache.dubbo.monitor.support.MonitorFilter.invoke(MonitorFilter.java:89)
	at org.apache.dubbo.rpc.protocol.ProtocolFilterWrapper$1.invoke(ProtocolFilterWrapper.java:81)
	at org.apache.dubbo.rpc.filter.TimeoutFilter.invoke(TimeoutFilter.java:44)
	at org.apache.dubbo.rpc.protocol.ProtocolFilterWrapper$1.invoke(ProtocolFilterWrapper.java:81)
	at org.apache.dubbo.rpc.protocol.dubbo.filter.TraceFilter.invoke(TraceFilter.java:77)
	at org.apache.dubbo.rpc.protocol.ProtocolFilterWrapper$1.invoke(ProtocolFilterWrapper.java:81)
	at org.apache.dubbo.rpc.filter.ContextFilter.invoke(ContextFilter.java:118)
	at org.apache.dubbo.rpc.protocol.ProtocolFilterWrapper$1.invoke(ProtocolFilterWrapper.java:81)
	at org.apache.dubbo.rpc.filter.GenericFilter.invoke(GenericFilter.java:152)
	at org.apache.dubbo.rpc.protocol.ProtocolFilterWrapper$1.invoke(ProtocolFilterWrapper.java:81)
	at org.apache.dubbo.rpc.filter.ClassLoaderFilter.invoke(ClassLoaderFilter.java:38)
	at org.apache.dubbo.rpc.protocol.ProtocolFilterWrapper$1.invoke(ProtocolFilterWrapper.java:81)
	at org.apache.dubbo.rpc.filter.EchoFilter.invoke(EchoFilter.java:41)
	at org.apache.dubbo.rpc.protocol.ProtocolFilterWrapper$1.invoke(ProtocolFilterWrapper.java:81)
	at org.apache.dubbo.rpc.protocol.dubbo.DubboProtocol$1.reply(DubboProtocol.java:145)
	at org.apache.dubbo.remoting.exchange.support.header.HeaderExchangeHandler.handleRequest(HeaderExchangeHandler.java:100)
	at org.apache.dubbo.remoting.exchange.support.header.HeaderExchangeHandler.received(HeaderExchangeHandler.java:175)
	at org.apache.dubbo.remoting.transport.DecodeHandler.received(DecodeHandler.java:51)
	at org.apache.dubbo.remoting.transport.dispatcher.ChannelEventRunnable.run(ChannelEventRunnable.java:57)
	at java.util.concurrent.ThreadPoolExecutor.runWorker(ThreadPoolExecutor.java:1149)
	at java.util.concurrent.ThreadPoolExecutor$Worker.run(ThreadPoolExecutor.java:624)
	at java.lang.Thread.run(Thread.java:748)
